2094 2636 7706 542 4869 8157 1176 1687 5933 2703 1520 3255 2123 2485 7118 6759 3936 6454 2952 8106 4663 888 2873 5107 5595 5330
5677 5590 6057 4751 2121 6004 4522 1316 3071 7104 1110 5381 2375 4597 1914 6894 2130 7200 4176 4978 7078 4164 7058 2691 6711 1480 1403 3613 966 3557 1755 2280 6552 3880 5047 642 3457 7343 2095 4261 3446 244 4410 436 3877
65 6253
1325 3633
7150 5871 4422 4407 3460 5416 7116 5270 5519 3027 6865 1758 4344 1083 4433 2682 5205 2991 1498 5009 5708 4488 2903 3802 3056 6186 5541 468 7764 7362 6268 7396 2213 4716 1402
479 3766 3551 6534 6900 5990 3128 4647 5032 5147 32 6054 6504
1431 3788 4562 1752 1042 6806 4465 783 2217 5603 7507 2891 6646 7686 2159 4584 836
6424 4447 5535 5287 4875 1472 3824 1378 2361 3678 5156
8175 6641 2458 5733 3214 500 3949 4959 1994 2605 7301 7156 7664 1180 6578 5283 2796 512 6765
356 2018 1257 6892 7011 7859 4161 7853 7455 4450 2284 6780 1206 3107 6638 7963 3468 7851 7756 2749 7246 8000 1192 6340 6795 899 5435 262 872 167 5049 6313 1727 5050 4331 7866 2024 6600 7144 3672 7347 6634 4059 3039 2073 4249
3144 7448 150 6162 3914
7867 5319 964
2832 1826 1016 6577 7164 1814 4630 8167 242 4453 3538 4874 68 5199 2634 1466 2608 7454 3560 507 7264 3577 192 3285 2784 827 1970 5582 2059 7425 561 1968 3991 6793 7069 1891
1429 1652 828 2056 4483 1742 393 299 1723 7146 231 5454 2152 3581 3164
7171 2748 6215 5568 7189 2963 121 8065 5809 8145 3880 5685 4407 5198 674 5269 4763 284 3402 2867 7712 3140 995 61 4609 3375 199 1440 513 4402 6808 841 1305 6166 6978 7107 6672 6139 5068 6279 6215 1783 2330 2828 1669 4030 518 3664 5997 6530 2480 3089 7501 435 7236 5863 8176 3481 2677 5157 5348 4631 5867 7689 1743 263 3281 5184 4388 6969 4142 500 4095 6441 2099 2927 4402 5121
7662 5750 2454 5437 1174 134 8048 804 3552 8125 5286 6227 1588 6641 329 8069 8189 1013 3449 8187 687 1995
7233 4542 4103 2048 2657 392 1046 2044 2412 1174
7549 4861 445 7430 4986 1676 4032 6620 2501 1142 559 1211 375 2980 5177 5198 6342 7341 6724
7920 7813 7545 7622 3597 6449 7089
6273 422 3365 1245 7557 4885 118 4304 2421 2168 5437 5696 7494
6799 5841 4568 5805 2379 200 1329 1875 5274 2056 644 5418 6520 4334 7531 5125 1196 3642 6697
2562 2234 4509 2329 1585 186 797 8119 3644 687 2279 3423 6164 1987 2192 2870 1376 7518 476 4078 1066 5703 5095 8078 3885 334 599 5377 185 186 7856 7133 8161 6926 8114 2508 7076 2851 5650 4527 3311 7508 427 2482 3865 2990 5724 4569 198 6140 6115 1108 475 788 6697 7469 1985 5726
3286 3024 2684 2488 7946 5911 2169 73 4315 5092 5141 2724 3004 5462 594 7401 3013 2839 56 5915 4192 7956 7493 6454 1019 214 1043 1615 4939 844 1883 1221 2286 2402 1195 2154 3759 3557 1755 6676 5174 744 1637 2072 1245 3918 2969 8025 1008 7598 2361 7592 3478 989 4777 8009 6364 7976 2920 6387 4772 7294 7253 4804 1171 2274 5771 1460 4631 6292 1923 2975 6670 8097 4615 5564 214 744 3602 7537 1568 113 3293 205 4023 949 4414 6042 6684 4291 4048 4303 6330 3537 2405 6514 4502
3120 10 7529 1631 1788 4211 746 5585 5812 6701 5703
6971 6580 3932 5157 3339 8038 3412 7382 7662 2897 616 6385 489 7643 5929 3838 6204 5893 7129 2186 2944 5625 1216 3208 5794 4368 1557 4421
6567 1045 835 820 7110 791 1380 132 5011 2489 2381 6914 3610 6395 5651 7215 6496 138 4952 6179 7672 1725 1757 5185 7615 4803 5179 1788 6615 5765 2615 8101 4857 60 1007 5487 5018 1348 878 5351
6015 2105 5488 3599 3885 7987 5961 7421 7944 4243 5528 1247
559 938 936 1738 61 1761
7737 1269 6533 1740 769 6929 258 1281 4519 8141 5123 6515 7178 4818 3905 4596 3747 6881 6930 6392 1398 29 8110 7443 3838 1324 88
6828 7901 6313 1841 7065 392 7677 6184 6830 2815 1047 8169 7171 7690 4584 8144 6853 6674 3276 7693 5911 7903 7215 3082 5286 4520 439 6631 120 7914 5716 7924 7528 1161
6729 4761 555 1654 2176 5432
2442 5603 6258 2299 1979 2891 1696 3882 838 3644 5705 3824 4686 5838 2023 6132
4839 7346 7585 1091 3475 876 6606 6204 1609 6819 1870 5382 7930 5226 6107 6226 6709 5659
6834 7475 2541 7289 4918 207 6959 5650 1287 7194 5869
2787
7395 6539 6202 3823 2566 6961 3265 6063 3169 6519 5105 2573 6817 7418 5804 88 2834 2727 2442 5688 1464 1924 2325 4721 6065 7430 7025 1179 3387 1954 2418 6006 477
6097 7092 7928 8052 5094 1455 7679 4672 2308
536 965 3893 4922 4961 3372 3278 166 4872
2542 1563 6917 1069 2348
5129 1055 8143 1397 4939
1964 864 7147 6614 6320 7216 8026 115 3607 4963 6926 2419 7566 1810 6215
7090 266 5323 3904 6534 7040 2703 6147 5434
4003 7517 4106 2526 4114 4251 2894 2124 2912 2381 3002 657 6282 533 6179 5799 8174 4727
6868 7569 3398 4928 6778 1260 6309 124 4364 2969 4142 6692 1279 4119 1232 5349 7907 2700 163 1213 6489 248 6114 5725 1154 4742 4006 7425 7542 6546 4006 492 238 6835 2628 7342 2330 5532 7963 2539 3569 6221 2332 4668 614 2265 6725 150 5949 7364 6841
1312 5914 1232 1718 6611 2861 4670 1903 6875 4168 7138 3706 1473 6081 1850
7161 5710 1814 2376 2521 628 5436
2383 6445 1664 2016 5124 7898 7186 7243 2326 4006 2903 6786 1162 6075 6498 7089 2466 1756 7765 4741 1303 3102 2043 1142 174 4213 2777
166 3923 5730 1369 2918 1778 7966 255 6048 772 1856 3113 7185 8146 6365
6014 6671
4581 3974 645 1593 3375 3775 5884 5189 2590
1279
1851 799 3479 4538 5504 3046 7227 7843 5720 2103 2612 4535 7510 6960 386 7612 320 4043 7383 5100
3407 6588 6974 2122 7484 5407
1912 2209 3282 3138 1025 5906 2777 5145 2147 6664
2008 7996 3108 5294
6151 4305 4259 1101 7491 3018 6798 1671 2489 3353 678 1998 6886 3478 3728 4203 3089 1559 6830 6697 6901 6455 2255
6891 6750 1189
3878
1924 4990 4375 5982 2215
703 35 6435 5472 64 2460 3669 7064 3212 1464 3250 1470 598 575 6233 7459 6565 6278 6035 1761 7293 226 5380 4998 7353 7490 1659 2459
6615 646 5825 3400 7408 815 5045
3158 6797 6917 2483 4386 1994 4055 4453 5910 1358 7532 6470 3190 4228 2745 6581 5228 1095 979 7677 5223 858 5132 7602 8188 1215
7951 2077
5179
6954 7387 5635 2337 185 2118 490 1150 236 6660 942 414
5992 1651 3123
6183 6563 7229
1610 2545 4692
1466 3813 6531 708 3696 3463 3807 4284 1141 4097 1102 4511 6474 1514 7917 5491 3197 3808 5162
6535 6166 4776 3069 7240 85 3344 5613 1326 5785 4724 855
6701 3136 5588 6834 772 5737 6591 6417 4826 593 7689 7833 1910 3665 2744 466 381 3572 3708 1709 7023
1836 8061 2870 6564 4673 1477 6886 1549 1830 6879 5548 5898 5038 3142
5894 6001 7396 7793 2374 5537 4035 3171 2211 5088 822 6338 2844 7298 5459 6437 4223 2700 1926 5502 275 3156 1670 7040 2856 7923 7712 1857 1921 2055 3212 2350 4548 2671 7352 2582 2828 3745 3874 188 6530 2217 5988 223 5037 7098 2580 7493 6307 5410 1953 4902 5539 1089 3049 7952 1197 7437 6051 6903 1748 2955 7066 3264 4229 2456 282 2772 7814 7044 5139 4058 590 5329 2772 1346 1659 656 6558 5715 4402 585 7338 2315 7219 1439 7971 2310 608 7011 3489 7901 4467 5681 4286 5428
3184 5182 1179 1098 472 4373 8034 621 6132 3831 7797 6577 3907 6905 7271
498 1963 4593 4985 3349 36 5709 6215
328 5770 5584 7701 1256
8035 3417 4111 1185 1404 1024 3277 3655 3905 3191 7502 6083 7680 2264 7444 2413 3489 6210 1554 5482 4982 1157 2689 3381 5985 330 1900 2184 1696 385 7968 43 437 2674 5457 4950 6471 2314 2728 7562 4076 5816 6113 7365 4256
565 2357 7298 6862 4785 1744 6374 7651 992 6192 2708 63 8053 141 5794 6784 238 6969 3743 1124 1575 1881 2893 254 3528 4248 331 6569 2297 7418 2917 6259 6960 2500 2484 2849 6493 3816 6070 5080 2326 7643 5448 2850
4539 7645 8087 2420 2557 1176 352 908 563 8040 603 8040 6065 5587 5319 2875 2321
931 8040 881 79 7446 6082 7278 4887 5086 3863 228 4233 5057 6060 3028 2068 2406 7311 4322 5344 7822 3739 1687 5843 5925 3516 3250 3776 919 8048 1833 7906
3841 7527 6224 3549 7914 4571 7723
8184 3736 3417 3066 7101 645 7932 690 6718 6480 4503 2542 2175 7149 3674 776 3944 7175 3306 6362
6035 981 1293 5230 6202 5874 8031 2374 2488 568 8011 1637 5856 2932 2670 3186 8109
6288 5838 1031 6846 6362 7129 508 1876 7588 2421 5459 1654 1056 1302 4837 217 2431 6261 1711
2175 3408 427 2537 4993 3999 2968 7499 1467 755 4605 3989 334 2685 1690 3318 4279 4977 2451 7009 1257 6666
4084
655 6337 128
7003 7573 2346 5741 6464 7902 7594 7257 4011 1106 699 1301 5555 2142 3367 6451 6389
1323 7900 4580 7932 531 787 996 5670 1874 1684 2961 5131 2747 7375 2484 6840 6115 2680 4528 6795 1563 4655 4188 4662 311 1045 5393 185 6483 956 4940 4583 6152 5367 1492 7547
3360 5615 6143 5418 240 1536 4448
5582 1089 3514 6142 700 7170
6590 1846 3526 1763 4563 3034 6170 61 716 1235 7248 4645 161 2477 6698 6929 1925 2850 5791 6400
4328 3952 4517
1820 331 3340 5379 1959 2388 6402 5891 5991 5723 5076 5262 5485 4527 3705 5259 6086 389 4979 1027 3117 3182 4310 6467 505 2758 7321 674 1228
5859 6054 2267 326 5183 234 4051 1435 4679 8114 7855 6952 6009 2250 2503 3692 220 3098 5504 5144 537 514
538 3629 7695 8171 3978 1587 4821
286 7316 7495 5534 1832 5825 5341 4163 2758 7805 1726 1746 6474 444 7520 3708 4398 3594 2177 6103 3782 2793 1907 6787 3465 2861
5517 6896 2140 3670 4414 1084 2018 4322 5614 12 5969 2135 1570 4350 7132 2035 3626 65 8081 7236 2921 4924
4806 943 3287 3432 3762 749 6298 2176 4118 1504 4952 5319 5305 952 4491 4974 6930 3333 6874 3090 4141 7776 746 7486 5973
4416 2367 7574 5907 7707 6211 3312 2215 6975 5219
3341 5712 3416 4687 3130 3508 5201 898 5356 4917 821 1168 7886 2587 4281 350 783 2357 4328 6909
1320 6812 8101 2912 6325 1944 2574 3087 6496 745 5290 2017 7157 2081 3226 2559 3024 2875 698 6 5424 5977 5062 2074 6548 5953
3914 1527 4152 6172 4407 3732 1719 2172 4202 1249
4128 1241 8099 4365 6135 1909 1904 4737 