dfo64+xI47DV/5b7t/XPmngB
aZBpeS8rQKt7Ul2EbAAA
nMX5puLxBkA+66oKT9FFsWBACHAA
XIzgLMEqNCRhHUH7SOs86wAA
d7ggBzRqT3RXWpxmkIKSHYzF
lIAd4SudadzorlNC8ZfL6tXFnQAA
n9qc8EwA
FOog7TyXcKzgKgAA
xJ86tkmtjMRI7CjRrXq17Qdw
WfiaS9OKtwP5ab0dq/CldRPw
58CMWBX6rchBTwAA
6+y/0ta5f78VDz9EYmeqRM4j3UYA
UxST1K+rGfX/ManD
IvuKMJOUSl8A
P85VRq6v8kpmI66ATYFM
tQ80E6M49w2tOYF/ie0Y/RYA
Rmkr+TKUJXrLnwAA
lqGBLGIy
FCwFBHFEjXZPmSiCS/zPmn41
uiF+d1ABG1xUs877pCyc
UhbZI3AA
7A4DtdWYL3XrHiAGEJQz
1yfjqvEM/Cd6+8BWFT5xXJi5
ugxHacjz76Zrb29U
bRhF7gFBl9DoRXvwik1U+YDrSgAA
mrMcSrG6wieQbqsA
68bFg2GgLkeWtW069wAA
5j5HmRNmScPliYZtSFB1rzoA
oLL7h6cFAg9hJ+Jba9MBIaoA
ZbB+C4VpEq5eCUvaqzt2cY5Z
jfI0ElpJKlAA
eWNh09hd/hwjdq1vEsEA
yA5BR8ghdb+ZXQAA
oqiK+pbqwwAA
VDmGGXYJ7JsK
x42BuYQ6+AAA
Jhik77gA
6Quwl/eXUQky
kHBL5DGLswaTgTTo
hqNOXfxkk2SgFFvL1oaPG/zQGwAA
02VYB6UaGAAA
8EOaqqUhiM6V7ChIu4biydkA
kQORSburZfuU9MStJaum4IVZ
AOeqI0NPbpL2LN3/99cA
Npz16NZLNMcpMKZc2yFleJT0Qe4A
z6yxZ7fSIGKgHkBx
sEPdtYH7r8bh4pwA
4M6hSrgI1e8n0AAA
5d3muiSUtpeZGHCodQAA
k+AB9W03tQAA
2fB3kFjPREOJhosUG/kVVjDbKEkA
1vlwE9WegDKzyz7TlAAA
bjYvCxk2SDi/X2zFQQgn5VcW/gAA
b5jGDzRWZj58JRJp9Abn1zwA
Hq4g3hGpVxpo2zm9BlkutfMUahsA
N1pLpxaGunCTn8CCB2ToKVUA
krS/EfPDxAAA
c8SCPxxJvzbzvOY0bwAA
kefi5dfPWh7CiotWaQAA
lwhzCEtZCduK2h7G6ahQO5dbhgAA
pqerIKG9dUyEZwAA
tmK7ip2YZUjR+bNUHmFFEAAA
g2HtCPPzquSJ9S9z
NOasyJnJ/ytQAD4aOzXf
qIr3QFKVTquZxKMy/8bHP3XRMQAA
tFexfXRamNLFwspikAGlrQAA
FuYdbf0RSO4nTZdsLBQTtf63
jSH2xuAxi1CeC0kSkVuQzz8tiQAA
BHIq/I4A
dO9vX5wSIzHh
0DazEkmUsHnnyuJaPpWZ/yoA
ZK9+82X3tgAA
JQbKFBr3
qkFQaguaW7Xy3/SyjvEA
elatcQqX0w2GxgV1vMsbbwAA
rVVoqDEA
/aHSdz/j
2OnCCiwL
0uVo9o6NpCAxeAAA
AwWBKZgp+yPSCwvMWTEA
4Cuh0ujzaeEqWQAA
slhXwCuLucf7
FB0BNdwCpgAA
VFgKqF0n2qcA
r3O1oeoA
l6pDvFG/
rmHCKlL9iVlg53LxScsOv1Uh3kIA
s2h9FtgbtgAA
D2Geta8R6PD63eISnB4A
V/2vt6vM1s+4YMdI
+13LrpcA
GxNW9yZ6OFAT6VhXiwZub6Ge5wAA
4J54sR06kqQA
Ji6Btbqac/Nb1p8i
Wii+Tqu0aGl7ENzhZGEA
e4ApJJj3
5BldsXs4XDMA
UCffKpw98vEn5pcA
UejkWtVcRjYpIO5/4yuIeZ3wnTsA
R3c02K2tT4kA
nDChSJP+xqkxNEK8v35z
ihdg7g+i1T+S/pWasiRYjmYA
u1SElfNRZoMxogAA
tzol/3LiPjCjylz4NzBm3gAA
7OkGKedxaOmRsgAA
3n37TE4A
HoYyu+1q6u6QFUUOLK1TF7wA
G2E5FRERzN3VZCEA
qShxGhHmywAA
zzxcZ4SW
WzYSxCMA
63sKs3AVGYDT4b4a
An63HdZv9JUHSvUA
/dtZ+j2TVAAA
/+8hcFpR/0czYUSGfIB1
t2tx+lthN7bxN78A
nFMFzCXBaDkA
BpgwVOr0mHNWUaZKLUoA
a52aFODa2/WYX94zBCoA
DQVTXG1AQ5/g95jtr1YBGaut
7LcoMvIA
g25J59dE/9gwIn/F734A
fEwwjzojx9Fn0/GjdkhoMQAA
91bS0DzxMTQA
fmCvEdVn
tf+mibic9Zhh
KDjzE13ePPbf
zpFraMHFL8PR
gFXecBb+tm2DziSOb3kK
OBq0XABaBwyy
LHEzSL04p16PIBNq
mov06H9KPrsBqQAA
mB75XqoA
hoVrh9tUoGsMB+vZg3GES7wA
fKbKE8cA
DqN/FAQ7h/9pPAAA
kEHJSaQi87Ot24KgKHqxfXUA
rvlmjJWaqJEudKQeYT+e2ncA
4zG8Qc2tJhFVUJOCHFjlU/EA
bb9g8FxJ1rMVCKG0YamvtGUOrwAA
+ovBxraSnKiPAcIvers7kI+FqwAA
3VT1+gVg5iH4lIwDvq17T50A
oaN+jVuoHp80LgAA
NCRNsMHM+hDU
WwZcqGEyoRktjOAXU0mMdqQh+AAA
EO2LygK7tBfGFqJ9X5T64OKXKkYA
e9Gma3YNzRphSVP8nhtU
KFhhsEpB
NHA0WaIX/7eWqiUvzwAA
gMaDYZmVQwoA
xD234eXyCpcu0hWpvDUHVolvPwAA
jUbT+r8YGj4RpedCmxsA
eWlmpiaswxqbPlrzmjNq9YPN
gd2L+1/1k71l5HdW21gY
eJ3Np6QLvXj22hEYfBOAPRoA
ErKyhjHPPw6UVRTHjX0jeE/WDAAA
PnOjA9ZJRitGs8aOYEmwz3vVEAAA
OHtJMBzC
SNZKKsavkQAA
yXWZsrl67Oz5nmVvevQA
fkqBX222AZpNQwAA
ZbiyBX7WE58irDeVv2wA
fN3USFIKLLN699k/S5yrA5BhpAAA
oMUTe4P3dUyJiAAA
HioRRRt+7VUd0wAA
GDqBKx3rwPRJVjtKZDJbLa+5qwAA
YqcWNQbbG6p97dnFiVtZ
UiRsR8b0
jCFX/1EbGzp0luUeRbO+3wAA
duW5NlPksoJReVwA
RvJBL5IA
8DZadURChf+APVgrDZ0A
/LqUMoswwAAA
aR3rC0Acg7ATKQAA
Ce/bNHWLfV9PrPtW2rNb5j+9
9Ukq3MsA
1XsnEb+AkpjqqwAA
QkP9sAKAC45/TFE5
GIsb4ltMzgAA
fL0WViJcYv+bk4bEGCksshQ/
o7hs0tP1V08Dt9GxX426kQAA
hALiWZAA
9pVuzA/Fk1zHI9wA
DxVM15DyTtsaI+zzDwAA
hbW265EXOJSPZTJX72MZ
734D2ay08rwA
0TH5r9ZpfYTQQSMA
fqKM9NBUSiTQ7jUU6r0A
SqcHBq4li9cO
gm/hEFsDx6sKv2fqiwAA
cIyAS1wI6wAA
hqJc4FRHJXFTHH55UDkA
EtNbZKpb
iKT5kDIA
RXyEnOwzTsN33NTIJD8WwU1iPQAA
kn7LCJVFjttYPDQA
JD7iO78Gb+vsLKHuNob18XTLBAAA
9X10AB73JbLqAUixRgAA
oJZ4i3JIimfRRLdd
jXlIJovEP7xOqDTh4rMA
Pj7lYLVdUrav5GlKjfRlGF/TWHkA
a/NoEk3JfmJb8IiH
EFKP8FLYswAA
sO2XXxCZ
5zxS+e68YrBBlGqckODIUmRX
0VL4dWD0lJFnsi+ZTOFP+xLvS4YA
YQ/z8BhRYwAA
tl4Jl3tvbQAA
vu8gwu2yYNo1h5rY
g6hHbNOJOYBp
u0SlPJG1k5wgBHkpiMmkVJlXIEMA
iuwmAOKO3AAA
E/2uIMK3E7A2
7dJOe1RnUEp2BMMA
wxG4ZDBUp2l2xadSYTqj
cT+8eqDcQNnEBi24PUH01TKtkPAA
RTwVzQxSE2OUm/pWVFIA
Qq9VNc4A
0tplR+tvJv2wpYfkCgAA
zkWNhj07YXr5z9altnEROPON
ZQseVJMyiWpaflJQuQAA
ALj+r+D4w1wmVOdveoU3
iJFIn4gOl9BvW+kA
NQYVfpbEO9lvC1FaKk8A
9WFUMELscQKD19p8n2oO
HDRKUH22pS2l
5RUMfKeSa7CaTdQwEswS/anH8YQA
7tG98vkVp6YTNnUr+QAA
GJmTqEAH2pS08D4fxcIdtMgA
RTFNbgMjKkZsJVAA
ku3/uqm3YQAA
vsMZsnGDgq99S/fcmGg08AAA
ZWBgJVWQuTtKgU4TXjVymN7kBQAA
WbO8PjOnHYj+
3PwnKmBuUyiUD1VE0PjbLZaT
b/doNlUD7Zpb9wrDHbfhsQAA
FZT1kKVk7tvT
4DwX08z5jnMugydae/Fl1wOAp5YA
UcoHz1d/27AhXgtqrwmBHMvl
lthckckK36/u1AuXxa+YrwAA
KlP+2OrNh3gA
guNh5FA/RDdMQxxNwBizRIsA
WS7h4gNIXsj2+mt2nA8Eb8OM
OhGlxy3uMD6/Ft1E
/Rym4UhmaAAA
YwBypJEzKOTx5UAB
bhZZ8wety/VEVP0A
H3AeziO+zCw1rowjGBQljQAA
JHJLLHz8l3+cR/Fh
kQX605oc8Yq1Cs24mrjEAeJQ3AAA
RXtztCmFBKIqyEsf4QAA
9UJGBh0g8ezlkRCtLMkBCxwyK3cA
Q7lhzov7MaV2yC3VeQAA
PvIjWZCsF80UJGHt+/ctOj3niQAA
vkXAYcozpDv8ky4llgAA
9ucEepX7hAAA
UX726wiX6QAA
0Zo6fixzsBb4m6BB
PQ3PBXie22QHEbN1EDyt3wAA
kLZyLvOZIFT98GVHB4uzfaOvNY0A
CFhi8cjTbmIVlb/tvDStwNf9
/5Qt8eQkoGs4EwKDDiHikLSj
Sk9UKdkAg/B+wG9gJfff
UFaRnR9wCaNZpeNV3qhx6QAA
nQhg2xVP
3w926PVcZ03XzTHZ
zgQMF5GdX2geEpcA
LRWZoCfHm6wz9QAA
fOxPyTv6HPGp/98A
RiPPV0ZqeqEA
GMjRF1wA
+HBwWVMaL8aJARG4v6kA
w2VQTdIA
Oo5lD9RixZpVBk3zcBevmf0U
cJZ2rRMX
WwS7oxHz9QAA
2e0OXZQcJmdY
puOEfM5HPA33p5lk
dcAX0GNjYJNhmC0oGx/aUrdhPwAA
o/YA088ccuwJXxQvHrt3HgAA
E5LVddWe1MFFOLIA
IbMsIJDJ0ztROwUA
WcJEH+eLRIH4WrMT/p8d
3893l2SgkPRaEI+V1wI3oqqloQAA
H8VQaL7pxz2qEAAA
GoxLfgTsLAAA
z57ZVOsM
H3I++LGHq0nPA3NS
AlcLTamLGmb8xLdlexIA
Yw/7hYFhvy0F2i7t4PlLj4cA
3GsRQ7WUjc6o3JoA
FnW8lzS4Pn6sy5Lt
lR7Gd3c7/8XcEEVelNQA
UlxhpImK
Q1h4gHqu/wAA
xinHwPq7gb5EmH+sFCF+
sw5k0b4moXVVtwLlnAAA
4Ic0Fhj/abLkYnNAG5YA
QWYJQZMA
06HIj64JXFLiriJBrBdAWTcZDLYA
nPInN0p0+BwjDKwKcc/ltBQA
ZnwLdBwA
Y2CjN/uAD/genahJLwAA
oagqNk8D27T39qCnTOIzAyUA
bF/emN8iX7rIxOfQchMDeupedgAA
qfSR1uYI6oFW0UYB1tsA
EUHOrcYf3ZqwSY6Ryy6FqASFXrsA
1S7AqppNgwAA
Zejm3D1J
9TarYT7LAVBcR+uYmcAGGDbj
MQSXxyS0ikNVhc/KWqjiCZFG/QAA
i5/W8RUGS0Kzy1ef
KcKD5Rz1fXUA
3Kb1cDVqk1xVDkmfVAAA
9ekr0m8JnMaCuwAA
H7LXYtSSNYtkK5/FLAAA
cLnR87kiB8Ynjgp7mzMmkAAA
vsobVHY4czSqGKwA
2KH0ICoA
UL74hk9AoFtM
LKKttHOtdQAA
LeKrdwz0dcfxFAwA
fHiL/eHp/GwYFyeHITVwZQAA
iprLMWdbUCXLp3c6Nm6d8wAA
MGwFFH3H7t2XjB9B
GworYRgSuWYJIsyJ53sjgnk8AAAA
L6yso4I4tylVMRAA
gyXUYQQA
NQEdFqxIzubjr004
OYq64JNblfoPfDsA
aB2keXE00Sb4eXwN9UmnZApAD88A
r4ZPJuI8etQA
7LRrn/a2/L2pdCAA
cQoS9Vwe0XyKj8Zw
I+ZJVDYA
u3t3RHN8Hf+k
mb1WCurc
m2oaby75apUr6fN0wHb20CjZUy4A
2rt6lYA8L7khcfSe
HbeV9aLHkwAA
3DFZY/MCemyJnSO5DJ1JTokA
cSMnc+aZqP5fwwAA
hAod1KbJ3ZjNvnsfxKQA
Qf6leZ6g0/fdBNH7p0LvIu7VjDQA
2DW9Xtd7f+6yJNCXvEy+15vK
yQ6s1SPsApGfKVwkS3+kp1bOCgAA
x6NHjC3IHOuNSmU+EAAA
6vUTemHeMn6O4e1lPwAA
ufud69cm/J674wAA
0iVtcONRPOgCUBMBzAAA
sc/u8Q8fIalT4WX5GhCMNOHL
WACKSgGUWtIX8CW8
u8v12qbIMY5DkjtHpbSCzq+zUAAA
D5pohvH0b/XFazGeVQAA
GjLzP1SMaAAA
OG+/TRA3K3FIn3kA
v/aABtnABwBv6FQA
9+W3EvUKWJU6ByiIADIA
wfMJ6y7ro/jmBKYA
9DXeYduytP2Q25E7+yWKoK1c
W8ajzoctALt8mYh6zDrDXzDTqRAA
2TFZ+dac5E0CfgAA
ppXazNoz
RVJ+HRkwKQeV1gAA
Zp03HvwR0smmhjahP5u1wqUA
oFpNndOy
RD+5YtnEwTJ8371c4c7B
vKCyFHYIOCJZjrFqJ5CjKSj4
zdC9LAwA
MUTHU4P9
5HBddQiBYh7M8019RUUbf9CEcq4A
XRAekCisWdUtQckHGGNfP2YA
kJ/8aPwTWC5tWG8A
GNI4QFfYMYXQKxHoFQAA
bu2FLTMWoYx79btbD1AnQQAA
AlDkfSd8cVUA
fn1fYGw/PC6i/qAY
3uVyuWlWBk0A
mVZaQI3y1UO5+jiown6D/Z0A
jhyqb3gxsOH+kMzKjlImFO0A
xkU92/ZLRGTAmGFZ9MNM/wAA
mslc48PQN9AlXW3XfGgA
TEPtt3R7i3IA
fuuob9mHpJ5rmowgWxAJ
3o1cNUSR
35Jx/WUJ2FXcQnsA
oWmJIHcA
WQmC8mafo6mqF8CbsgAA
zhVQtoJmeUYJleg87/t5+Rxo6lsA
yTZrgCnOsRB/O24A
GVfBaIo+BipC8gAA
V+7wtESElgGN+ZKXSZCxZdyFXwAA
kc/BmbjdfLnKOtGIdkEwcwAA
5GLn5nh9SXoagzMA
edjcdjaHISPh
pE2gHAhFLbO5i21t
PR6XLvuPmClysesz
PXc8wMAmsHxsPpSIEp0oyr6ILwAA
hy+6stGrS5H8EwAA
cA7GZuHe5cuye26j
yh4VieBHz7PABKAYnF4cKlYbOMEA
Z9O7ch4di4Y4
DVyIWyhqw3EA
xekMnPQA+pL+5gAA
Sw1cvTovvk0g65gf03+VFaLs
PyfLs98M7w60y2zUT/Mt/hsSYz0A
ZxUm8qtOK+tVk2e9lQAA
CCEbb61lCtHa
RL/dAlPAUgAA
7poI/zrVkGnv
IpcYYtcA
2lK6CDWsYI+o0uyIq/Tf/zFnBQAA
1UXxliNXgsYEssZcKe5LbwsW
FtxnTIOn/+sA
VEuhe573zHguVr/FhQAA
EJ5nln+lEXpbV+OcaaL2rs+WK9QA
MnJE6DPQ8TuFoT7jivJE
ye8i/9+HSkBbvd2AXwAA
XXoEk7vQEvkgDabo
pVLZIWchAqvH/tbBQfMA
UjIrxmpwPXAvguA+6HDZazypPAAA
VSgsMZYPzhSTNFq/g5nt/E8A
HI77fxPDqx5SDyQQqAAA
lsFNqz+nXNmgUqfwJ+oA
NGhyvEmptYEA
+1w2j7xnVUmVyzPID9x7WEUA
qUJ1P50A
kb9TOtnTg60I7lVrW7LY
Ntm/aK0xVel59skh6EQZ
lXrt40tv9vn/UwAA
0RfxjRPnWQAA
/KXM24O+f30K6dgr7eEA
onRmffCwZWjyuA2wT+Zb
vEicgEI2ZLxAOAAA
7umuo68o4gL7ozPa1vjg8J+HzwAA
drXq0nBlI3mgFUDY
3M4hukvtvAgd
KbFvV7WdWX0PXYkA
Q56JjQ8Hpcb9Kv/+qaiF4QAA
yqLrpCdX7vYarcmf
U3o7I5WOQbWQAxeIWqvm+AAA
JxkREj/QMd07s7iZGK4zdwAA
rdbTfkEozuHdvAAA
CMgbB9+PiwaqRudNIQAA
AVVqS+57old4CHWOlDU2dUYBOQAA
iXq7cSZCPsounqDW/P/mD+91
uQlxXmcYWIh6bSdM
oNuTBAxq466LPotURQAA
zTlzVh155QG/kQAA
HDfTf3uuNc0O0maQ6nZNHJPXRAAA
X2awxyWsuAAA
T0VT0hUxhw0A
g+NPDI5pCW6BZs/XPiBlhwAA
ezc7FDLlw+gUTELLgfWj
upgUa0UWb4j7WJbHXiF1SpoA
AfmpQ+kjoym8vkH3UYXoC5HeOQAA
lRuRHr1FtKpa02UA
A6lRowiMOOLbEKqKPuLSFAsA
YFTyAFkb3isob19y/QAA
zSSb7G0A
6/ueLqskoAAA
R5yJGqVWPdqU+UHGN3Im
GGE+JHV4I6p2/1p09PkA
rxqJSCwfkkZObhJ8xuzl3dQA
5OHEXHwA
/zRVYiwsJE2H9SvV
HA0aYTn7dE4A
VYa24JC3k9tc
Wsbv/Vs20J1XiuuW5aFbBzCE
+J8+VdWWWJa64rPt7BLM5guUvQAA
PK5aioFFzz4fVw70DHDohwAA
0hPaQdMJL1J/G81/TgAA
w0x9XypRozx3oHO3cHsA
/m/Xdq0A
YG6sZDLe
uu1Nj06DvaS65aQ9
VqIFXR53/B0cZP6+by+OXJcr
seDRdbTVcRgXLiDxwwAA
K3c96aUA
PnkWPldpWAAA
QYl9+S+bS9K0EWgP
b97knVqm/QAA
sI9/TP6TQRzI0gAA
CH0Bbq+dRgAA
ohXIazAZlCeia1hkR7a9j3wA
YOA5Uqz5
utS+tU8A
hKiM4jNBwgAA
735oHEQe+aAOfQGLIber0JcZCAAA
xJwHg23NMfOmr5DEHAAA
sanBdufoHAAA
gryXZSAA
+FW5voM8MsIA
8VA2mynv5ub91usP8awMGgAA
Q51Yqbh8GdIhHbcxkUD+RPAA
Snlhow9w4NMA
Tby2lVo5oQAA
nEYYIMXYH8+Sr32MF1IVal1P/eAA
giHGbgbSAKyN3JSV
xNkW7A9CRBmiWDD4WsslaH/nerEA
DoXC3A4WloIsjA9VBmCINEna
64C+cJpPbm0A
6VAfDosb/z/1xd2kNQAA
B10qpRXsG4LEh+MA
9LHvYBA8qZ4A
5s4mC7dodKcDKh8WhPcA
e+lrl662GtxSJcHeV1XYNakM
vrF3amat
qzsAWd2o
L4fxtH4dIv3YyoFlo7NQIAh9
Mhhd8WMAenIA
ql2+Xh178klcMQu7pgAA
ZScKfKqd3IkW0OE3uvQTTB4w+LgA
KT/lmjUYDBNgCI/oA/IA
eImhPHyujhiZiLZUEeil
xtMZkfVbizdoHDfCKj83QwAA
8dX4x9mswfZVDj5+XV/n
ccsNhR76HI4UzqUWbvsW
2D+FcV0uW6Em/IMocH3lJOVe
/cm1gXTaPEbUaNcM3wAA
Vi71CXflSqkA
L0f4dhctpHDO1lIuIpTpfySkO10A
mmDvlzOOPRUoIVGJaAAA
cvqaWAPd3jBZ1moA
j3wUOTaZoNUnKZG5kxyj
o3831OSJJ0zN
MMYkPOzwUHSn2SWilfUA
uGcFCHZdOHYb7b7QNMzwndAA
ZAsB+1U2N7UA
hUfnCq0A
qBEtCJfuT+lJzZtwRpyqLqkA
4J2d8TAA
U8qF3c/gy1UA
zValyp/rb/lz
8mTTjEep5VQiUbsA
rRP0EaMw08KHJqJY
CdWd3q8Slgo5VfD56AkfnfPH
1UjYGzU/l8EB
YhR8hhy7VtPrzMVB7QAA
a0vycXXrNnxuVUO2isFoa6Y/ugAA
o3k/Q7l2
JPOp8xlVFJPkuG+JgHAP+wAA
h5MACzhC1xVbYljL
IhXQeJEI
G5GXSbpvP1Y+
NVt6TRp7
ca/fjL6cOh9LvuxVFynXkNYA
KA84eVPk/oqseqHE2VBZmLY/euUA
4F6tmo7wenlBBAPZWlgutOkA
cs969TTtns/4wQUiRvn1
P6vsRje63YpDZaPI
bI6NYe7U5vAWsc1Nr2sNuAea1R0A
/LWbJlrJC+bjUUXZIMUA
B0/i2D8A
GTGLe14IMQB1OQAA
2sx0NHqcRDC3
3K2sBNODmhO0
PRTfPifRo3N7+mGO1FY3ejHq4gAA
UHbqP24A
UzpjPcv/hcx8zAWTDAAA
UqREYldgTzJIRgrfasjUfdoq6wAA
UQMWLblAEdtQUynj3sVuCSIA
JIttRWurtwZDytXPJAAA
Hju7Kmwv6QAA
bGto+kcA
srAxziSl6SvdAwom5uJsZSWk5uMA
nP2fomnH4WhXxRP9DCUA
cK4VhEd/lBzUxJXlQDDJ1HxH
uhdPInlCdYwA
osxrJgo7
5O3oyZ0IpbXh5ACv3IVW9CIA
nRk9UNVNHwH0
olK3yEA/PxAyOYZR/VJFtS8A
Q3aMjap3NLAA
GZei5lqlAQCC+AAA
OMqtZzVg
K/KLpMeoEVjK
xpRdRvE7lAAA
DanMO9gA
qaDe4QgA
Yv9sHg+1JtGNFdwE81LtLdwA
fTmBjseY+votA/WO
aKg2QrcRBpj3PiZ9I5GhGCC89EIA
yh/aQ2ed89+eIAAA
h4ccPy8AtRulBzr0
0NohLXOn7Ssd
+9zzHfSei8Z8fZyUxz4A
8MO81yKYDmB9rUasRxw5NY0A
CAgKfgXsbQAA
/B/oqXMMcwxxDYPYTZS9
sgaNSNhuKkDT
blFVZ1iH
VzwLY8uhqfQgWLoA
2hBku/0i4VKUrKuzeln7LuAA
O7MWobcyoTEA
j2QSD+k5Lub7MqAZ
0vcEikMDfZ2af1PZtVbD3gAA
b8x1UYaG1HCxKKGHAdzGRdwA
46JXOznDgn9J
lcs4ww9s5631mHgSH+5sbNDqhAAA
bbGVv/MB43NocUDC5UOE1+Rk
1qHAEGYA
snqi9oNgfGcA
+VcjiSwJ7dPSUWpVRTsA
f5fM7RZLFtgA
Ih/oCxQx+PqkGz8udgAA
cQtcddcRst7yE6pK9QRt
eKKpy48UAXRzTQvYSAAA
yKPMcXnoz7BLVMr1fFCN
EmsnwxrNm8BxSqOPuR0M
JyakrYIuIRu5zrQ2QwAA
pGhSfNyW6rGLdzsA
ivvXZjo1zQAA
UnLCWEOWFydqs4at7wAA
Lgzi8F+39Q0c13PZtxv03a0A
NVcZlG49z4YQmHp6lmoA
+mKW+Hrfh7v8iU5sxOuw8nIA
CHg6GL71/Nw3FgAA
y1R+vPMqxKl0pQAA
6Gbwu4bEzhgQRNAZ8hEIhzlw9tsA
JOasP0ZNROXYJB7QT14/1xtaFF8A
U34w354lXj5XYuOUQ30A
cyK4l70A
EpvfElGssHmAxoQA
kWAD798TJZElKZoA
Igk4rJaxLm4A
HtS/cxsJPF2OZ93uwWTZ239m
hmnQiK74
KbbTZplvfZfRNQZJDFFp6J7/7MwA
RFvoFpIj
6UvX4BoA
bJXKJ8sLSaWh1tHiv+IUYx4A
UJhKhP2lPAAA
9ChTV0R+cnAA
YU72LPXeDvNYngAA
T7iH6l67RI5awQAA
kf0ZrJ90yXySGGVmRFRdgwAA
BSJ0Wx0A
4lBwzidgFMxSq4JH6UQs3sEg
xULXLkZR49udAfsA
SGPgjrDq6Ik+A7+2HPO6
k/XLAUr9njm9kL8A
88vV6ls5GPAIJG9eqqNwhU4A
VIwExU8ANPqw+m4PWaFZKbIA
AFyYb0SoL9lWh6VnaCDdDHKN5wAA
bhiECzYpnIwwMJOXFgAA
uHiYpXlwnvcny0IA
Wpl9j9TiYsYEV+z3b7fU
Gm0oj8r6PIXZznZQorrM61SmIQAA
Yb0Sfn46Pldk2yL1KWDD8gAA
Du/9MTmlDSqVI4yg8rwA
AxNxoJ6amaIm7SREKWtmDyEF
wVkHMcSM+cmJ0AAA
K1nRI+VehFbpnD6n5PIA
jMrs+VUWUJEA
dCNUM6snX9Armn8CJO3RgAAA
oteyFOJD/jmMpWYGoE+SLn8A
CGNLS5gA
QT0PWZq8hruZCShynKs8zmgA
kT2afOQF7naTXbX8PibK8AAA
3Vdg7oMOIgAA
+7Pl0bU2pSE/Wp56jQ0nwiQA
PaVAcvw5G37pJhSh
S6DlmE9sOvLo
nZfcstnPW8EGvNS5X738gLlMECEA
ZTJZBAW0h9e/nH2tGF1yYxbJ
/2m97Q4zQpjJEZPGnPcA
jdpWZnXtxDkVzXpkL3MzIAAA
AMBvJw5FNtKEov5g/TbJgXxF
oMfIJFJyL2wK3pV4
CNSEUeLy
rgC/VWCPj3zU6PDI
hJGuBjcdE5Why7fpJ7ghOkeT
tiDlUJ+p93PmU5zR+7OY5b6X
AdANFSABi78G
NeHjC2DRg3Lhjq+zx6nbhgAA
Rs9naVil1FAfBfsA
nXwsjyFwThsoER2kBvKH
F+VwTPkyQDHLCQAA
MGr85/oQVwfb
a5HxjM/fajoY9wAA
KefnAkQRA/FnzgKWxaMSoXsyaQcA
ByIgIVA6
XfOSiuMKJX2DqfkYUEKg
k2fROvVHvIp4DdjhgwAA
ZYn14Te4XdR0EwAA
s9pHFhdKAbQsDgAA
DTVPvy0x5MGPTgAA
78Rm6iq0XSlUZwAA
lFccdX5ZogAA
7YP9rwYA
ajxf4WP8nD8l8Xji
0zVDBm9YK/B5URzOGxWnyKC9AAAA
CuM+vyfAhvIph5/Z5wAA
bpDtJVh+3W33q2zfqSlG6gAA
sQofgrK0tumL6IyObXjZ0XdZcwAA
sJjfsfIeyqOm/AAA
LRpGR/D+V5sMvQAA
Bsws9fyGSBMY8Xxv82AA
5pjqE4plEQAA
XrQxJfSxddRVmxbEnsRM8kMA
8PVSa7uDfygEcOH50uYG
Csp2LMo+RlNXLXlwL7IA
TQhQgQRKFLvxuQbPtNEA
md48E4KqdtU2wh+6
imcb9w1Mbi8T9D3XoJa8X4vT
u46wdJwDvqLN
FSHRG6C00Fp+eKAxkDo1Lfs9
yRHNy51f6r4qry+U
MjHPaJODoza/N7NDLpgA
fkIx2Frd
CzUjsy81TAQuTxKguQ+ybg0F
JmeZcFmAxIYtsAgyhQAA
OcCKad1SQWgA
swlV9ppNrMaOqKfZ
bK9F+qGG
LQ4iCjHQVgOBToXABAAA
3KmaxEj5mXMmNfr/JvylOy+U
Tx/ch3jQZrlt1jkA
AClJt7ueXHf470J/5ekmgWXr
sxVQWa49AOh21xvAoF7y0ZM1xz0A
4GUPdBJi02m0sQoA
XlTQY8a60PEL4wAA
wv9hX245nJQNR58CCIDOzwUb
rt8PuoLF+sJObChWtv8cpw4zTgAA
rk1jlasA
aeguS9PpX5c6EUWTXRJyhgAA
W4DtmtcOmQQA
bslerJfge/nwHgAA
xELpyHD17C/E
Oxu7h96zD82LZQAA
geoToGmH
8d3zLG9kHmByVDq7eMu1xqKcuAAA
hoJCsO0UUigWtr/OTgvR0HSbhdoA
dRFaIPnjkL578CIHz4e3
dEGbf+Q1M5BI1mcA
aFDyWiJGYqi86lMc0eIBwjQA
qhQw98OYAxh/Ogd5rQWshgYIOwAA
KN+l6PQYtzcA
VrSmnecsU9WL
4M/T6sQQpoy7mPsC7wAA
ZkoNj9sBTXgLdAAA
vfQWXRSA
ZP0h/qcA
CG/vA3qorLjTvng+mQAA
scPdZE35pysaMj9bCQAA
deAUz2B+
FXkmf8wA
DQZckXbvDhPndwAA
9b/Z80uxOSX7r59z
gZx2jDN5y51kMRGKk/0Ag8VG
U5cwTotzKOgh
xkUN1f3+HcROhMIyZjwFGPe6fgAA
QGPh0OFk9QAA
5HAxTeQQFwAA
3XpEN0tk9mGW5azg/XKLxzwA
IaPK7ypG004A
o1ZdUQKPfsYH2/qYnxvY1Bsa
TMsHu24A
XLdQePmp3XbIpwi7WAAA
fEXrmasl+gAA
kLfIDI5/CEv6YgAA
jROqE6+YALv2Wt5QLfQq
TNLwrXEA
rNd5bG0C2er8
Yepj3cwJaPYY
a92Cngjt6weq/fEA
MCe7Svqs
0G5BUdRkqE4A
yPslormtLWbaNmmFEY0g
tDTX8uZme8ssIgAA
LSiLZD54os82yW5HICyq/AAA
yZzMbd9ha5bIsTQB6oN5b4KvFHkA
SGjEYl8hf072fnUA
xPuz8uyRPHlKSUpN6y5HKgAA
b32aCDcBOG3LeDOI
lZNyxje2xHzFtRB1IMm0x3ZCHQAA
CuY5TubAd9Kxl6znQlmCty/z
G9ZFOQBXabLEO+Wo
een+2tdcxMLd
foknv7DQeTsq
Bor9mEpNpfKQ
HHPsN5ME1ZKrkT110wAA
SsseUA06FgAA
6E7bwAuGE3ovku2C
9YOlMI+lEGeZ38lsv9ox
md5UjpjfJ3SG+kBaCXfiP0TwktwA
uFBqBQ5SWtaP63oCK9xF
yqp1Hw84/v7A8iQKAAAA
ZEO1aK46Lsr2W79elIEDG6+kj7IA
64h7OZbYpgAA
4CpOeSI+7i6nqr7pJ7T1
6+IapbWNZBCx
h28ehaWMzkAltORImxFya34A
Xu1JV2myKgxvSIzGkT7w
tfFw5M+9rlOTWfBF0LAA
ZWJ8J6F+
n3ybdowx
uoPEKDdMTTwIJyprqigC
Lg9lCfVR2AYR
oJE/c/tJRBnxOc34+mHVLwAA
fdVApNuqV8JYbRH/bIXHWW/C9BUA
JVm/aJCKuj4GvY1P65o62bGhFtgA
a977EnofboYtx/jJ4bMT
3fD/WCsYLzbQSQAA
6N5PjQnBd8MGXIo22cs/
lTJHAn5g
9uiObUZbGZEA
lZeVWGWCgYujx4jM
2gRdza8pPrzTGUjbkgAA
0CPWRY9CNVCNPwiG
9DfbCzGUphgHh1Gb/p1c7X0A
bYkf8vkmtHKiKkaOpITwFKkA
RoDy/YEA
/Ji2x/VjBY4CPeY4ohK8xsHiagAA
W0QC4GTVbZwA
Y9bpDfBAn/AGbebFwn2I
H77sTMCKU0UAACmnaWfqym2c
0ilelUVGtymf4d9BsH227+uu
YhTXUdWe9wAA
yrCVC6WCW7lc7i7E/kxdt5sA
fk0Q26gA
itytgsr+HD/7NBp55Rh5dnMA
qUmCsotQ
7rKnbA7FfODAAxv0VxGpuMgA
VgNBJW3ONczsjDSj
Jz13nmFb33qh7w4LKbY0
vnNrOBnmbnYol+r+krwQD7PF
imEi5SbWLOuKSWyaUgAA
1fk4mdfUYJiu
+gDvy5jr
PCkVFsyVbPoA
sJJqWunhh/UA
l+jOnysA
4dVUMiIrKH6u+x19offIuk8l
ed0OWSepI61Eu2l55wAA
tv2RJkGwbGv/szD6CIDJlgAA
nzcN9ZTOwRdTWE3wlKOHS1IenAAA
g7Eu3ryGUblH+oHzZ3eOSwAA
OP5/vhHDpAAA
Xu917fu5hJeZusIA
xVSETwmA/KMA
uJB21A/yG6wIq29WokFUsD1UJwAA
zwDs1yI1NwAA
ff/4TzVC1ucA
plcgCpDthtPV2QDDh9TxXHkp
Obm7vBQ1Dx401OoA
1E5s6T+JbXb9KPK8j3puK0QV
rgfuTVMX0fHhky2z5Ch6
neacWteb9rcA
4rHojrkA
DKq6T4ZFWsRnkGqa
04bs1x2RgG8A
7bxP0PvIw/xfH7oxCqmlMVcA
kCfD1w43HxPoByTsiQAA
7aAzCGsA
dJOJE43lEoMA
pC8dGs/iwQAA
q/qacwYVS2/4Ne3aellVVpNi
kZgPjj207fgV2J9374gb+wAA
G6wTUjnOxwNyGGQA
i99cD3faW7/UrXQA70spGIGY7J8A
eArhcso8ttT1Ry/mCCbQNLriiAAA
6fCFndFFrnI1SvqeaCEA
CvEhFzK16gYaBti1t9Rtv1IgBCgA
zOLQ1BPjlD7u3fhuwf3UxwAA
J6XMAOVz
/1Y4Votjnt2eboZBZt9/
MYrP+ac4m/hLJwuFO2gA
d4h+xGjui3i/B7/OhrSFDQYA
GuFfvZtFktqJES5zbHKUNO+T
RFyjVpZY66n+e0b43yCVFAKXytQA
vyySc7fHXXFjJhmLSDTBqifMCEcA
1RtsvkjcqK5NREKSEF9yJgAA
XNbq0AmeWAAA
RgQn5jjTMQAA
qI6B5tng8qICBFaOMAAA
w7GUnPVORx+eUzAn6wAA
T6zu1DQA
ymrC02f5gcwA
sJrDOdT3nTt/qcSvNq6HBQAA
VxufNjkA
7LzvbARTbQVj2sCBgCsJ
+IR9WWCB43RpUO4bD30hMZZxC2EA
nudo89SKFhPvYzUyQI/BpngA
XUyYEUS+rwAA
xF5CH0A1lriHjqYWCnC5GSAOonEA
hnvUaz0A
EOtbBKKcnE27
JUAYZ+x6fwWOipdLToQyCkUA
MPM3I42hWeutrwjciuy8hQAA
PlawtYlc5f186UWrZpuR
czfA/bE6SDvugTvBlsW12wAA
GcbYrl3bAKmlHJ3OYa0G
9o2E6aBJDZYA
4cnkIjgYNhr1sc7HlsimTAAA
ljNtzZJ+IcNcdgAA
2i1m0a1GBJ+Z
cD0tLmrRnZT5cAAA
X7Kr2EnEcxEzoGNvb9uh5gtPwxgA
fau2J8AA
0076Kvrr6gAA
gobAI44ZE/YljupgMqUWXGhw7QAA
xsqfEBkA
Mtyj14WcQJq3Jpti833tigNPYwAA
/cmQ5uQA
zcEKNdIGJgAA
tQYKN+DeoZP6K7QA
bQH4rQl9cUvOeU1pAQAA
jHSbSRYlVQAA
XCdCPYCE/O7iEJpnCFsA
3otBDnEF7iHk
G/PhP+OIOAAA
drb5hXkmfXAA
QHBB3timapkA
/OYheWiW870o0F8Df1+o16FGFWMA
rS+1eezStj3OaQAA
QODvvkPbxAAA
kjdOHA4buSOfLm0PgUnANcuY9tAA
N+8B3Lrszw4LiUvLne0A
AtPe/X6/S5UNXlSTatB3m0G0bwAA
vklT7wgx/94mRbA0nl1I
wD3PCQSymy0A
2ZJ0D5rrAUQnnZJ3vYOw
Ft1rv5LAZlpY
Kh3k44tMceqiY8cA
e32ekF0Drq/84wAA
fV/1q984Vm29wI+bD6iD
8mIDGAqyxL1WVL/9BOS+
kmE/A7pl12B/X5jWbzf/
+RlW8JUxVFqZTquaLu0A
IFOry/maMKG6hlvXju3NCwAA
/zYViRP5WgkU2XbSo7run6HV
8u2AtO57J/mWzCqG
snXT7vGXM+cb2N7lvfQmFQAA
FaO7J+Lajli2tIDnaqlDRQAA
C80G07T4wb3Vz/QX4gAA
sIjIU4xnT35foeYjzDKmWMpm
SyrkM/EQ
7ifx4xcA
6GIn9VMA
wVZv+sqxx/qfIQHBpOJGSwAA
ksakfVZRVppb
45Cd48DV/gAA
Iqc67IqzAHx3vK8YBr2kihdhxAAA
uTNDKdN2KIXbf2e5
Te0Ybf4U
QnQYaZ7qhETN
YJ46XF2gdXRoGQhpG6sA
N3j0BLcA
CR6T3lwNdvOTPjWE9gzJVuog
sAGw3EjO82FuJeB5mwAA
HpehiK9+scUoRynZQfdbhQAA
4hWIRKxW
FayMrsLcmgAA
bEwaqePyFWctbMnC/X9h5DKrDikA
Iywu1Vw99ag5F/eT
fuwYu6LZZXXXbMmY
lZKM3wqlKpVSIPIrKfgA
odTilo3NJwAA
wBtOBzcO
q45Ny3EgWgAA
lK7G1CKjSrB2AphgC1y6LQyG
SrZmQNb0/oFElpAHzun5V30+HQAA
Qe/UCMwxBw/UoM3Dp1nD
KGvMlXn9o+6mhUGRqAAA
ae7bIyqFGKfIW56gxOUA
YxTTHY0FvAAA
CRzt75wOxh1tKAAA
5kTdk58vbgtrEvP6BZU/MwAA
Uq6WuZEUfQAA
Y4Um+IeTKvNgWwAA
/G4PfQukCksfSWEA
5hVVw+31X5fvocfs
HjxO0ccPwm0Qx0LxoAAA
nvIXXSJe+kli
a4Pc+R0g9XrAD7MkHf152tkx0QAA
UTr/EULL/9HJ5iqzXCwA
8lXcg74YnbWPLobD3AAA
1l6UUVFJANXgkcn8MgAA
CVasRSISe9RfinyS9zEv
85fvfVy/skMSNwMA
hj2embQA
laMZEbJmp7YqUwAA
Ok1Sr99xrvkuawt6
gsHnt3KxuwAA
eU9I9c5fVWtg
kJ6/eDF3ib91U4o9U2cJIUZn9AAA
HDxKISpZGFNDHEwy1fwA
MMDE2U8IfY9CGU/2gPPv8aoUoQAA
wODewE4A
WNtgTTDIyuVBppdRQRYZ
6ILQEXMA
KTwrdC+2f7s0/p/yFPLXAMKQ
6mSfs4R7NrxJC4NqIDwA
3WX9pfjWETi5NX9flMGl
eB/NgfW1V2WEIgAA
XQy0gGvGKAAA
/Fb8pGWo/RGtlsKPmqQ36bUA
J0oAQsthyr8vOMbGGA+BoAAA
CuowJGGc2Cn6AFAVsyPnsbFv
BaVziMIU3vvXE0a/ihaz0P5I8DoA
puI7Q+IA
Pvg0YJs+/kcA
4DqdICkeLMbeMIEA
a5zkdvvsduaTQfJ94gAA
sN1KgHiEeuM/0+oj/wAA
aPphTnBiWcy0
y+dxKkAGMwAA
8GcmYdwA
zQB0IfgBHbNJCx1+zi6SgmsA
3dYsR8Z3YVPn+QbXEBIUIfgA
Vlzv+vl422KGnegA
gWSgdWjxqcPkXisvET3B6mAA
LlHpdA8p
Xyo/FygJH0+SsrBbKGZeMT4M
CaiBfn1E/wY29Va74BOR43P9BAAA
OXzjpXVGCU+ZAAAA
i5VaeIUJ1SmKqeo78GKRxyEA
EMeGRKVME6Ivb415
VgoXMx497jAA
8lE51UuoMfoPx/PTOw7v05kA
9um4BIxSwwAA
ENqLYBDzKIih
zLTfGGcoE9rdFCZRqtp0
SgEsTL5TX+fZp5QI+lzHWgAA
b5IbN8eVYpuVm+tqoxORnfgNyAAA
QUZ9S8tEorASl/AjBHHe2TJkC9cA
p8XWsUpg3STgCuptlZkarvBS
TSzxcay0JU40tw+bUV0c3QAA
qECmZXA9T+6x/WIsuMfT
jL+d8g8KE639ryrpFZxXRAAA
VUMANw4DObrL3/ew8GwA
Efic9XC/CALlCcRwtnrdDAAA
bxMOBb+LiVBkahxdB5v+qgQ0pwAA
UPxiBTkA
BYnGa1ln60AA
EwBEYYsMJTrEPzEA
NLwQY/wDhHE5
HBYlMsP46Fq7UQAA
W0J4/sqxKmqXM3IU
ONbQqH/o
N9MZ/FRf
8BcP3VJ6Z5celE6k0uoU5HRx
IY5s66/PGlPRmUIqXSGi+eMl
CTPjeEozNwAA
SHK7Jcv5zmsQe9EuAzcspAAA
ibbCwqnp8S0byOP7RkYRjKgA
mTHV2/bZoWGUoWTyGQAA
MJUvVyXH2FBp40fr
HoX2fLQ9dNAA
YGc0rIecoM07DMZhQkcTJAAA
yonO2d4ywDIA
dNXnBrFb+TjIrgAA
evuzZaTCrazc2Ofkx+cCr+ffkgcA
Cjq3X/YPdvCQfurF34Rt90gi
ysnRwq8A
gYUq3Pj5atEZT0OpeCvfrr090QAA
kyVXOSzfEnySe924OWylxfnp
X/Aryi3GrrOYilnkt1g3VmLtTQAA
PK43v1fO79+N/IxgCPQA
Ai36Yxdeik2tmziJ
xl0Or0cvFtFicVnKY2YA
dwngTOnef6wA
YrKu/QINCQAA
1i6WfBj6wPzUvrbi
p43Ww98J35gA
P86Mp1x93G6lyIAA
xSaxtLV+ZBqVba8S6MYVoQrSHwAA
tsLma10UnU4zz+dg
M9j2ntJRKiOasip6e8vxSQAA
CHe075uacX/R1gAA
sPXwL6x+R3V+0tbNhgAA
Wh6rPKcd/YtP16ua4nZr2qDZ
Z1vYZutIaQAA
v/SkqQ4XGgvKsboA
PEt32xUNmH1lniTubN3fbI5TdB8A
DmGPN05IiHRTMr+llNwXRcw8
Uav32opH+QAA
BicHZD2b0YhL1SC+
4hDAT/toRb6S
YLDmdFi/rodpSwAA
1CZWYnkmxIgA
3Dsz2ZxRxllOxdovCgAA
xUNXUWYFa2xDMZZ2sGIZuAAA
l+1+34G0NgAA
m56Mf4EMqajLywAA
k77m5sD+hnJcpc/wO5hIzAAA
1NKN49wA
KJp0KQnE5QAA
cRGpbYaahPiwwOOS5xgA
jMEySGFIhfnvDt1Rym8A
U8fFVOb4Pnu1Md+PLgJ+
fA/FKvcj3wAA
TQO+xoonkIU/Si9efbQYbs0A
6+eShsK5NOmLnLS8i2vq5/sA
B63DKbEpUkPd/d/NYuER
8sy1qVQIHYbXhgmhBcMYPQL157gA
hFZIoupwTgAA
zOuGFrSkTI+j6RXqEQAA
TaA9iay5cO2PTpi0
ZkUQ5t1Z6l8hfigj6HFqA+/a5wAA
rvDO/uxEMku/ORjwYDPVSE2w
tL/RVYR/mP8DltDNa4XP7y4kXcAA
Rlu8JUs62bei5H972+jHiwAA
DJb/bujFl0d2jeh7eR9BN/06IisA
EYSIXEE78DlcbQAA
yuG2ar2Znm3DRykLIYhd
28+nxlAhlO/OZiWVM0H7uaoZ
ww8TAibhF+xoZSa2
ncllwMaKPwAA
wfSGO/ph
uRf0rOHTZUpZDEE8+HV1zj17
FPlD9qgnU0qAYQAA
0HMQZ6B79vEeANkO71sA
P2RkOScQu99a45T6QQAA
/NF+HzPHAx0EUBZl
NDlmA1mQ3Z3nNKo/CpJ+rU2Ail0A
XuO02M4sWAsA
3uCKsJJHmbjoHohVIQAA
T2sdJAy4
lrKQOMBrSHxOZadwViTS+pRk
1QK/ILsE
MIZqSnXJ7mLoH7Fqf5lecwAA
fLp+p3pWNh5wva5LDaaT/8r7y5AA
Ii0ewY5C9kRY7OzGfI2xfiI65wAA
Fg+9ekS2Wg9iWzLWdwAA
YCVtmO9lsyHOsL5wxS4A
J4N0huLUj+4xyLMC0ogJc3x6
LR+XynvbQOhat3f0/qM2
AinUD2We
juGs/zWnhHao
54uc40TKLGyqmgFfHQAA
KEYYkd/TLdNmjazWoDltoS8g1AAA
7/AtqYszbhdt
m3al7EUHxy4A
YxU5WCTkYtnqpnnKzWWx2qYspQAA
baIlsNqszQ3GOaGTrL0A
Yo6vxoVV1uOGe50it4Q8ZRLbOgAA
tsQ78nvOufNdUH5Ox1TKxwAA
4P7o7Ew0
XaCraDEA
RoVbLUT+Rah/w90v/ESzd7sA
mm+/YCsYqmWgs/JlguYmunAVUAAA
IGbniKdRxw5EPQAA
C6kLFNRCVu59oXgA
XbGcziUx8YScRooA
taBL2wgxi30u3IuuCKSZPvEA
sEwyZGmWkJVNEAAA
9+l4LWPFh5IrbchfGnsA
+s+AO8KG32ab
bO620af0HKHauZwA
tXD4zpa2fgvJwb0A
SvkaNQjwhq6EQSsA
aIozas9a3QAA
8BOYgAZvkvGhkTkA
6MfogETzSsY3
KUTciiWWzPwcaHGN2w+U
GGJRwST9TnliurzeUrPz0eHZ3CIA
9mMOskFp
DFWBe9vz6Cn+
cTzY44uZ
b0RPPGPZm/zz1+kA
VJbJXEctYyUXh0JuLNcCzazF
4C8dZ34IdqITV0Ba7DqquqcSTbgA
pkZOixtWtHruG4x+f3sG
6xnyDaYA
wuID3xrxH/NZszIwUSpDr3an
dSI57tWouQkA
pGBCWGO+aji9QImYzvuQHVmjXQAA
v0LFfKeSimRutFr7jgAA
HhdFxO9Wa+j0
GdXO8/Hux7LK5OOHb7nCqDawNwAA
ZZzfsUYQM7UXyQAA
aQfrqlli3QAA
sb/++/DlfIYA
H+WB7/Edi58g0dvr86jnzAAA
sYza+Q93/8OXSIICUQAA
NrhkeYQA
iW+eoGcA
Vw46p5fLrwAA
LojKomR4I3Zp
afVqtFHM/WFKx+EA
avWF0/O1+UwZViEdwgAA
CXclD7C5j66k3feBf01C
wlKlcfDz/7/EZJOZigAA
U2Ix3UNbCyWkcqMpR1N/vynecwAA
RsRlYS96ztkoQgoDVsu9SOpVAQAA
TT1SPkB4HQAA
1KacIn/9go1nOLE9yrUhT2LrHgAA
pdZyLcUA
UrWVJg5xvMpBuQ+n
rl/swQHEOHUrD66M7v2Nmm08mH4A
vlNQtDdV4qZ9DQMA
4WKWmDRzW1uc
tU1jtnCeLr13rPFRQW6LGM9kvQAA
wRlmI0oA
ahiL+QYkt1Px
TXnBntwkDpG7zcH+n1vmJIUA
Vwtt5FKShQsA
CRSS0nDQDjYA
YOeGK9bvIBwk
OlpOavGlPj7FMNLeUAAA
/AMg+xp9
fXT4R3S0x594fgKBatUA
/5Oe5wN0U2ZVtmkmFHcv
Ki2nhsjWodAunwAA
udAeVqqs1UV0
qJQSHpVv6SYA
lDYy5F0WTY0m1wAA
LsJ9SP5YQuc5
0tY5Qtd/jFkCwQAA
jmrViS8akvg5Ba1RDDgA
l4vE8twGEFFrZ5fGbaHa4gAA
/hZuSYMyAxrrTPaePi2FXKUH
UT7j8fDh172u
vT40dg2J7fcA
29vY3zPI9H2n+1iVDiNhf4UA
mzizZsxeJQAA
C9NcRuYFhluIBGYA
+9GwGFHn9mSTepcWTHwb
9Tinfp6/gAAA
JstJLJiKQM8EhEvCmvcY6W9m
glpG16PwR/3FK3Vu46kA
wqFySxQqCzMfMYosDQAA
7nu9txHv
qh5LHJp4vF7rp6/o
6joGXgsqTfw+UAMS/wAA
aVoep/lFE8KMBgAA
8xXBYSeuLLMA
KwSFXIwgOOr51riVKRt/mdoA
FT/xP3cjn1wbX62d1gAA
GOTXtcd64N3t2zXMhQAA
EXUza+j6PzMv
BhkPwZJUruOGS87i5PXv
dWPwmPBY
sqTK/Ih4bM7tHKOqQNw2afDqegAA
2WsiJZYpmsvWukqroZcGWbV7Fj4A
gXXYGIaBQEPWlrwA
J5v+lVvo
f3muV8AipFRe
0xQ9o6PJvur61KfSkI0h
8peQUUJ3nxwmYXAA
AyNgc5Ja1TnVKFfwTlb+rdjK
9R3z6hBakb/4OQAA
wwqzdZGmKgpi
hTHt9SO9
qK1mohSvXNsw12jEpGkA
wOuPoY4A
WyXFJmih7+Bu
+eLX9wVh9WJurfxthwJrZ0ZvCKcA
QITySgXRpm+/qdY2Uabx
otu6jIFox89Gpg4A
qO6oxWTI1br3VtyxFTQK2iIA
k+cv6/lCBz4A
Qw1yOOn9MmMuWkwUaIO/hcfZkP4A
SZ2DLgDo9gO7JGh18LjKJhWc
DRY71M/Go6skEaWYfg/V
PCQumSMgfBrBjO3x
aLPXjWWwzAAA
Vcgz71L5EqE3MDODFqqmR8tuAQAA
oUFAk1FQzZQA
Bajq2Nu/2yUuNzWkau+luwAA
QrfRPVgSowF67GIA
AnNCaRHvhkel75fi
yomxB6qeT5L94AAA
ESwh8rG7N5yV42LA
Mgd1MmsQiqwsYwcA
gYCFcPsu1rpb
OvWg2Rb03KGVRxm3Z9EbCBYv
WvkEVG/tkN1B0zgj
86wnt2nmj1YJY9rwtwAA
ale4RZNz6IDWDLVsrgAA
V/SZKUFxKoQ1pfKTTMzfGpmYtQAA
SzWi/gKk8Yb3agAA
MIa2L8AVbyKtJCPNhumF+Bei
Vr7fIzWRwQAA
nuymJGtLq5Efaa4p
HDplkVRstAPfKxMA
OERyzPrBZAAA
XP/vDt5zGkS7E0eBDdqTwAAA
ddQkEgiv6R6J7QAA
DlgJfT6CfjJiOkRMUHjewhwA
DWKBMEd3
+5ve7Gyo
hkxYSLOM/Z990FPSJOGTjkRzGSUA
ABGz7jYA
nWD1XQd6jsJK0QtT6turO4weLgAA
+/q1zYnvHqbUiFV1JZwA
8KgVQAaV/FHCAExbKAAA
9sh6RHC5
+FYpYVTBM8I1g+Sc
NWwzRe0a4xnpd5oqAGI4XwAA
tT7a7P+Fzb7saN83WvJlO0cA
yOdEpUGNcy7I1rtAK4RFipsp
kdO/8VIvTSsA
oB1YoAnC
DJGD4mmUp6ChbQAA
8XwJTQEuXLQpMNr/kQQA
3b+V1/035LgqPgAA
olZxm4HT6AAA
r1M/3kUA
WWfIajEitHTCNew2E3MettVw
PfSHvjeIH8WWpNB0SCKi
/1Vj667ZqBJzv+IZXwvsZ7S+kQAA
aISX0scV3QAA
dFb7HIt+LLuRoK/0WgAA
0OZk/1sA
sYl/BhmzCv0p1jjYEwoA
OGz1cSbP2ERtJPRDC2fXcUgW0AAA
Agx7gbENlwAA
sJiWhdKCW8qO
zCbJTZgarGJu
RmN53FleRCyFrByondDqboMWbAAA
vEWBY0knmgik8GEA
o/dom6tYdBywCQAA
37cIgE5iCwppVL85ytcaUUVw
QngV12geuC1cEjkA
vNxetfenl06P
P4DodDvedn3N38MA
mv6mFHbU14Bs2fwzgz9wBUN5CQAA
9HYOmCTCSC3FzgAA
afaHMa/WtdMYiFqD+8MrKY68TwAA
rFYLQCBzUzeTTxgIcaHj
qOwCTI7g
bhDxzRQ2SKcFycr/Z43uv+oA
NHoJhVQrVlGVZ4DvZFk0RjWV
TivC0ZQEbQAA
naDqoCqJ
5zaDx/9t9C4sRb4A
sSBu0AfaeGNURxr5
VeY2c/eLjocA
GvLIknOGqtaEh50A
udYJwGCn40ng
wxMwwiUQeUfQj+w8iGM24kf89AAA
nZ/r6WgA3AxGEQAA
M/SZLmqcTwfOcfoA
pJHKVH27KbG/nToA
CJ9lX3et9zEcmAAA
MWg+YCIA
EuBjXsX2MEQF
lZSgEF8bgOKfh+bOigAA
UjYhemmFS1hx
M6eUIkpLqCQnpTYsdAAA
KI2JubtxE7AmdDYA
MEksL+F95D8ShcUOwI2A
6VZdZ8C2T7wGiZknF0c2LlqqcwAA
kSBvwRH0P5fP
YDvgq2Ou
LnCM3v7HxgAA
Vp1OHxfne6BK9TKJobdIuQAA
GPk4Ifyk3X9+uYxmD4Ko/ZGkA/oA
zuuShhEcxCTxvxqf
ii4/jvWgNg8/DDE6qmQA
oFblfBEfotJi/YE9IN0A
+pgtpxosf2E923gs8gAA
dkEyJIy+2DgOoAAA
9LT3Slj6xyNsGicA
4pFQZZ08WbBkWvMMu7rj
11WUhFl+SOJUliYA
2H+97BDLgiZlA2Dm8tr4CFIA
kcjQ3Xx/
sEYy02ty8sgt93JVmoCC
lXm7psPE0GIA
UbseSi5wEOn3gAAA
oxu7AYY9qvs5RShL+AAA
+mZeq6GgS2yz+bz3uQAA
4wwXMILVarbz7kZoFdx3uAAA
e+eiNyDzmuVqaGKMJH6BZUmciwAA
gyY+I9majUbo6dDcWzCsWGc0
ovMbNOapEc2a8gXcIQHjkwAA
Jq1QHt4FSgAA
gCjdPTR/p0YqbwAA
77CEmW0A
F2+XLXHtySYZFZ4FiT0qjQAA
u2WpTJc5JKiiMOkGMGXH+uIA
zlyk5Tqx2fexHsox7qDB
iSZv3zK+HOn+g6Z0LmEA
1tW9d+wA
NMmzRS8AzcxzjfEIRo/2SwAA
KgciSOHRnT+S7ZsK9n0mGgAA
KQGxCBt9eny9j1p2ar+hkwAA
ZaiHTBmxb3mddLhlOdipnAAA
sbjpOLLNdgAA
iaBi3o1fkMar
vVje9hFQtQVZ
TJRxSJH5buxnfu6js9yv
Hispz9m4V9MO619V5+3/
pUWJeRzy5lCWKPJ4JYnq9AAA
tGw3jjx6hyDi
W+AvEk4A
i03SDiTzQ/Xz35on
uImicnIYTaHnWgAA
vXfGhPJBavNPK18S/0a/
jyO+sFYLX3i75lEf11U3
umE5u0Dg+qtlxf2ovTv3
9AXEUvJY4AAA
Ems8UP8blgAA
qKz73T+0g/4jXQAA
D1hvgJQA
lcKJaNEA
fkpi80ly
WVIOc4ZVj/sA
qOriUZgCvDvb4AAA
l62fG2Ty
qLJIVVNLhBU2k4xGFzCzd0FwdAAA
lVnFTXMx
MQtF7yqBi9OZuxDpQc9OvQAA
y5zTfXn9MjyKkm87
4/VFxbQl
btlw4+AhOWZVA8/s
5fPOrSgltwAA
8CP/OithoCO377Kpr6XE600A
RAiqXntF3AAA
N//JuvGcQ5Go
I8CUvZQU
Srz/YvN5+sIjlmgA
zFhSOgzkVcN41l2LONEoXrh+1QAA
DT7HUE15Hl2HDxB0xOf3UwAA
YH9BGxq7
JJFZVzxNDwAA
6DyyyWMmOU0kvcCvyuocdAAA
ypl3T2iX7NkZ4R1os30A
gUYH866ZpOpkaRsk
r0LhKGi9ClXnE5AA
V4N3NBTGX74A
70tRqYh/
dsegu4vVlEVrT+XzkQAA
hUnxNZHhznn8q9UA
2QmFGA4khjzBY6cA
QPCMtXptmxKp4tHOsRcA
Yv2E/e4vITugB2IA
x4htT71/RF001nqw
P5U+2d7j0FldsiIiQNx8YzAA
PGAWjwOKYBGjSXZ78SKaqAAA
NAJgZEiTrPHNEJ5a5gAA
Z4zxQJRBKMDOyZrLpg+E
EKisIrOGL6qwgFci1RAbvD10
8Z2YmZxmrYIb
vvyWX9Jc
gd7tS92QNjKrqcjiTUEjGHuaQwAA
wdj2dBfkku+Sje0Fk5KJpwAA
KhbczDQoszoA
KmLWHGaJ4rlkBhxAFW54cQAA
7ky8481sYokTm92ClTgO4tGV
bb1Ekcc+fGFCMeel
ooch94eeHDXD2sexQ70vlNAA
GA9xbOoIGRIA
JZLI9klKqt5fdAAA
J/eVO64V+mgMhXAm
KyjFeRR35ndFBgAA
CPVNUCFbzm8LpTKt
dAujWMvIEQAA
JETkn0UBiUGMDUYatnO5KzPDtgAA
VASjvpAPHi0fjiFulUSU5pEaTAAA
/dhCv4MyCBvNlyOsDwAA
3UD5weZl
bZVh13rM12bDO8AWEXx2pG5VAKQA
mXTYuQ77
N6aba9xGOmbksv67
1vuYeYK8IA7l4gAA
0OGF5kIcUJtNjz0vXN9E
7qMzCjO0e+dy1NnMNWaaORiV
GyPEK2Ajl5MNJOqyoOek4YHg
DCbimO2VtwvHMr8A
WrJVI1pqlM3bh4tvHP0A
yGH8bYcUOFkYewAA
OOOI+rcA
VKSAKMYHdkfhH6IA
/5hNCh4qUSuBbDk2qX8A
CTN9AU7+
1zAVX3DZr2bk
DAbLuY6VP9qH
FqPeFWkSg+He
Eu7Fxa7AHR7VaVBgncZ5qWhmerEA
i0AicAf6
l5J46EaFzLyVevKp1SgKbgAA
lKFslSGlQyLLizg62rcCvQAA
KxguxDyizwy+tAAA
ZHN/P9cA
vtpIssgabwAA
n20+WVLGikIZurQoo3hb
hURqKYfMk5mfDgXt
byGxmDk2XVKABgAA
unRjxoh97tEzkMBKrQAA
bNzkIvAX2T/d6wAA
56XCddMW6koavatypIOCA3Ib
xMTAS9VH9Qrn2RAPz5AA
1D6pJ/IwLkC3
fmBa+ARfF1knarxAQf16enEAxwAA
ndiTQMNT
UaDJqt2ddeQf37tVzvYA
LyQsIfIMwYMC9XnQWQAA
HQlrWK8bf9Lly2cT/iAIsI6LgwAA
Bj9EHR803P0H/qAA
5LZIaqdNJjza8+kcRvtjfBUExAAA
b3voLZ2dM1ho94BQ
14nbRtsJ8ws0pKLSfvIaniMA
i+fQ/++PmuZMZFh/zkZH8+BjcAAA
j7z/8TyuJelI/pyW/Be2FyMM
El0UcKkKf8u/mgAA
o6bYNv5LuEgy3lyjmOxi4r1UktoA
eTRup9T7EQAA
kJVWz3PqbKJktPwF04oL
xNFNRpxAywgA
aBWvVLkW
IOJPWthFiUxc4mk6so7wJgAA
TukpK4QmSyZF3wFw2HA7FKJIGwAA
O1dgKseYp0Nn6GjDl64cXH8e
SPv/2isA
xrT58Si9jQl1+sT6cVjIbKJyBAAA
1Fn1mF/BNOZB0VUx+2Ja8qANAn0A
edm0WNF5eFaSGr9lTyX8
qvEYpasE/xenqQAA
M7/N5zD7ZVTd
n++qvfNG2wAA
MRgFl+1dYuMOl/33Tdg9
XJMPjvAIsQAA
DbNj+YrNplbdgSD2qlWe7aMA
W8c0w1THzaiUvYg0uC9haiZgOgAA
ObCpYvMA
bnjCzzEWf0tRFEeUr9yyDvvQ
a5FYIo1mowJpaEL2AgAA
kVAKMmA+2B4j70p72KQA
SSYEGSJfR7K+fftZu9NV2QAA
rh6/ySGP/H39015DH3McShPd+gAA
ftBczyc8BUTRrUlI
FHDB4DunjrAA
CTUNJDznNkB7jRTsoZJ/
SWl2Z6Z6v3YPeIIA
71B0l7UA
bO3S4fsA
/4Ij10A89BdIfwAA
CCPCrsT6YQAA
vj4Nuf0jNhXIAYZgyJEw
xzfTqaLnuaQ5U38ajOkA
3vZDyWFpn42W
XSCZvcwAWzBcagAA
+O56dAox/ICwTslV
fa/EkJNC
ZkSJuTzjl8MklcMA
IvZFeyX9xWCyZeEA
PBRF5GsA
i4viRDYA
CEd0hKrpzvgYBZeiIkvsIQAA
q6Jqaiu9lRTZ3QAA
ubIXHjH7RSwA
CVgndTEcdk8ON54A
UbuMjLXSEknAV+4A
UkcYTxgkEB3diwJtnHyZfrWvFRkA
PalnnlislV0R
Wkk7xLn4J7lvaSwQ
46XTD7LS9eJfyQ248Jy1VFsA
U9kywuEGS/267+rr7K+AD+AA
/en1tA8A
GGZKAn73RMdFFlev
hVHDNUEsY2tcRSwjWEEy7gAA
nybTzuPzVeKOH0y1UwAA
QGuwgc9DKWdG2Lyjd6B9
aOt9NJEDS3cihAAA
56q5H46v0nu6t4fHDFyLQ8Lq7AAA
wwbC0MQRgoN7VXClNNFDQwAA
b/PvF7RAqBG97wAA
29RxuJAk444A
oc651njXTqpnHpfdoYk6NZk+
z+2JtBuHVmDUPb4aOEWlcA2NcyEA
o6QkaF6agl/uW2DBYlEhdTIA
f4JA/Kcz
qbsf1yIX5vWBAgAA
3aStKbxVrBfK
BkhienJUeQAA
khX5WEhuFs4jqblGT/Q3XgAA
n1ZIxkAVwiL6DhZ2HrQC
r7Gzp6iEpEsA
fVipOjEEWuWZ6sBVyPfSgwAA
R1JdmpyijUxCDQAA
TrQCUm7dop6gasfuJAAA
CTGiMFZyCwTlnbFSBdLPk2Zi7AAA
XbvcaqINEsBQjcmtckRrOwAA
tFuM0LGJ/bLkvlIGDIXWhAD/fEQA
AykHudzCklC0WVnZWu7J+LIP
9bglkX8A
L9jdRdjfjz1lg9wA
B9Ql4+n9p8TwwA8haBoA
tDJBBiPrNLKsokUqMvosPrMA
NyaQl/k4o9MMnzBz
kvxp4q1g
VfwpW9l9s4kigEvt
QhypBJnTZ0qj+e2jzk9h0sgc9gAA
d+6eCAU6wqKPD7UAA2AE9QAA
4vMwFq+u2v/hMZSzx79qWxL+
H5xUgK2ZA2XXd1sWCHkY8YNa
umd8FbJPgUC/NlwA
eDo/afMOkgAA
G6sUtroA
y23X7Dw/5SIV
Mr4elYTBlQAA
fVp3gIBn2NMYBuJHf0JJgjcS
NcsjKEmvNjBD5gAA
PQwGn+onSVLBGDqN
pBSp7UBW
mPHCzxAj0WO1RuiThQAA
8VKHmxGRqAAA
1R81QDWuEdRw38MZfqzx1QAA
ijV/KK9/6cVMECktPXE6uAAA
mcE5oIMiseeMOUSoFTxIszwx
8EoWiB4A
1nLfoNjKNUkA
4BnOxBh/JRfvivjp2IPc40gA
5+zrczUyntvChemBjsFCUbsA
z9CImzkUYgAA
5Hl2T/tnXcVzGLF0MtUA
SUKh9AQXhEyeKxqiqiI++nkA
m7ziB8eUMt5KFAA6mAAA
Gs9pCpnBV9wA
vryXeZo/M/2WqUy8yAAA
Tc8hQQsOaEF06Dr+ADCJ1WWZpSMA
4eX3J5VnpR7N
ouVbqRQA
Z93q7/DyTFr3OfO7dSdBCG5cVwAA
48XG/xCZN3jCyKfMkkF6hj4y/vIA
Df7xtsvKWnN/J4SULHuVbj08
hdRsunjbykQQT/Szba6kYAAA
Xq6hyIrJpfeOGlYA
w4yIMOnSzPxV5yJfkZ1OAYxbwdUA
vzpeiFgCxaKh0BxQY2vQ6oEA
SpPi8xhpLq5rniv+bJKM
BIAANzzi
v6xMcPCXKJjDRd6fASQA
aRfC0KD97NPdDJeRyiucF9lffSIA
2rV+rsQl6EuKcK7rXwAA
Ns3cr5abo50ENfa7gwbq
FqmLvB6zmCmqjjAD
E2nS1/eFQ+V4FRadolFg
sGTigDeX3Ced6wAA
piVhuMCmTAAA
rDtkj9uLwYxvTy0FBgAA
E8iSsux0q8Fi6gAA
h3Wj4lGxA7CpqwAA
1hpa/n0qZg30
nmws9yC4
Y0664LWXSx4fJ8Cb
Rai7uON0BWDdB4d0JasUd0jZ
S6Lx3Z7fB7ga52u9SDMpDkol
KdDE6goA
drALR5MA
7/5aN7kQoRC3ZTgA
5Q+DNGydnvLPuQoF+V7LRk80UDsA
/y5XEMlnlUEy
n4ubnLGhNhCPhcgA
4XVVCeMwa1MqDzupxLAg9JzzbQAA
mLPPopMzbW3r
NBn61GUbkQoA
Vb5N7xC8xx3LNVCFQ40A
yhfrmoYH3cmknHrKPqHJ
nCWNTDZKiQAA
XGmv6c5GtytIgAAA
AQXMBbjZNAe1
RmwUjQaR/Tyq
bb0JqyZxXU/F87pMESdrV8mK5QAA
StObtJ2jhQEA
dVdVEoPevxS8UfglP096CqgA
3Cm47FwvMtzOpq1FGgAA
F+O0fo8ycw8U4f4wHmE4HQAA
vOeiiKK9oLD9LCx1
ueX8LxITGsYQ0qotottVMmeI
nmimKbR35tDNq4s0TJ6WLKBm
4Rs+k1/ApwWj9KWqtdqAffAdSgEA
Ok+NKuJQrO4A
Q23+bC1EEakA
waalajN5RQsA
l/iHScOp4jH6
Hv3yxWf2tzEeVl37s6cf
R6p+txgA
bbjOkLJ8ugAA
kA2P8IC64A8z7alnztg2
U0fSuHql
F1I5j+k4i1g4kVjk4wAA
GSoNtFk7bTI/n2Ia7cK6
3LIVaF/YecIQLwAA
Vbn8KX5TElV/n4xkK9JsB2KhZAAA
alstGIHfDOJjOt582wAA
vjjjq9PXTS9sXGUp2r0A
pZTCTYqA
tup7SS8p
ziOHKuuHvcEA
vn+OoRP2tkoA
lWYcPINk0Xc7agLk
21ur5JB+fP/4M4Vz
RlaN5I6Wfk1vXXqL
DMLm+VY7/ogsCAAA
CBCTzxQvkUSDMTYtryzdagAA
tPQJm+J3b8pu
P6OXnaguQNZwMnk9e6kTaOVSxAAA
7p8W/ALXLVhX9WUA
hrP8B0ChKy2u1lv9fiS6/QAA
isSIE54NLfnHQx9ipnVTxgAA
LjqvtJzkCJgA
hka+4z3So71BHF6y9eKj
UmN9csqewY3cR20FmPPmF1tTKAAA
+t9kRLGB+qddn9oA
xc8v84Dm3JfzLLQin1DqorGp
yqDwvNGzW/4A
pfzoKUsO
LUzhjJa4qv2D60aOLaxLVQ7+
0RTEWQKjUxj1FgAA
511rMXZaHfA8ZRqFhHdFewAA
cBP4/souiFynf3gAucSwlqDrqwAA
qxXA12Nvo8e+5gms4xYEmeI+
Oygxzf3OaitjpAAA
ub4ogXzZBgVO
8rXoIugr+untgfrsD4khVQAA
mRNzYJYGY6M17xcEPzDWkht7
ysun/Aav5r3deuz6ZdgDk1c1
gVAlY+VB+qAh7mi7bZCg3BIA
A21sodQnxBHkByBVd+4tKBoa0yUA
CpOJHn/u
XATW3WW2Qg1vIq0o0NfdOhjahhQA
YP0BAV3l06OT0OgA
CX0aOMtx5LTx7pjKQAAA
579Wh087d2pmZZqh
k+sP0A5piJ6YOwOLREOXyQAA
VUAHxQXnEeAA
Y7o3xhc2bj30orjw4p4nZQAA
92RuJC3kTdwor7NfmMUA
cr4UeyVq5lqUnZG8N1oA
GgmfLMIONi5OQy0A
v1PwtEeh22rd5QAA
JWYbBZbeg1voWTZh6AoxB4/1
Xk+CVLsA
pyEJI/VkdyIA
Bt7rdSGtMaUA
o9T4KhAYnOA/la2UMCAT9aiq
IKwXF9pxKlFigPoA
Ec7JZNMD/eOm
9hHpWi1QVIxxL1/Xo0NR
qBQaitLwme4Ss79fgJPDwwAA
gRW1w+oA
2aZQEKsbkyUbendZtgwA
zUwVKGZvgYIBqE4bEwAA
wBZbClzXlRkbwQAA
GPjMYUmXzUbDvFYHNxZ2qbnd
AFEP6ZcZQs4A
DSKNEuKJfsgA
A51yJSZMVYdvnuAnKjOu
MRIIQ+gHqGONg/QXIgBqcPspDZkA
SCddyBv6tAAA
ktw8s7FgzGw4EAg5GXF15AAA
NjrjRJbgrLDMI9o4XziW01P0f6oA
7nCLOYGg0JMh0sBRkgAA
Bgxhbb+Kec97
hQT1yqpdpFW+E3UA
y1nJQyrB4DIA
ADYYMHDGmwkC6fkd
0UdWZ/sk
KHYlup3VS2mlQIeWyJNJRXg6
gmoCrX1t
e+mKI82yNYfJvgPn
iyeljSK6QQAA
tVMMIDS9oJ1JVhAo1bbkAT1KRQAA
eluCXRSya/TYp+1c
efiFPozM9Plf5QAA
bkhM85lz
wSjQyH6L8zUv
PgB3SvxDX5ZGNvlmnip3ChYA
i5X6KCpVkOBMCOsA
WK0u0jY5u3Ia1zJsb8qdo3mnsgAA
l+elb9DdePS3Nyuu
QM+Vm5+gH4mvEWUA
4cLLwHU1I61MuwVf
U0OpmfgA
hLkXsiTe6P+D8jk6xr170QAA
f9RfA9eZqgx1
dK9T6zKeg2AA
0+yppHNhM7LqrMcuUfXtWhseAgAA
PM6tTrp6nr4h0bx+R7VPguHeDs0A
sVbWlUDfSgYA
8VL5mVQA
gm2QdMJoQRD8K7tLsVRb
D+vx9dFnuAAA
yvsDcMYnMtVh4ZMn6gAA
GVMdqHUtvY0+v+sbCIBUPCoOVwAA
9V971caQL/bUR2JowwAA
aXv6qGv38Tq86MGj6lfaSOMA
xvLfzzjy4w57UzAA
YXNYTy5a/b1tOcmjDSsA
lrj3dVJb3tx6//UsLyQA
FnolFK3XBfPx+R9z
uoO+hS0A
lhiDmsoVPVrICwj6JbJCLAAA
M2AAmp9mrzy1fQAA
7INz24QmGxCNtqCu
oo/+GIQA
CTfZbxJxAGexkGcA
h1oklnE8nge8NzGILjTxoQAA
hiCpFkNtUb/ElwBeNQNYK6MA
SFgy0c17spUdkASLLpGv7boA
aj2KxiGBx7iDEMv8cxEA
DyzUfil/UqDQ
c3tKIFIkpAAA
AExSMQXy
hkT6OCGSPEcV
JlP4RBxyhceB5+iopFjtT5Z8+AAA
v/9Tb5vcAsoF/QAA
xdbmkuynTD2bZT5K
zJsQsp+9FaCFdnw1+9FT4skA
a4PiucgqQZrW
dEhQBkn7Nj+YKqjTS1gr
SeHxCvtbpqIiL+nDbPvb7chd
t/Eq4Ml1UV5lIlDVBU9Nis5StDsA
0B1CTBJm9ZDWfLp+nLUhD9MA
PWwtcN43Qap0MgAA
3jYJV320HXHMe1swots9D4su
Uflb8aEFfBVk
6jnaQLHt
1jXyQ1+5/eMA
Rr5PZwTPdi2W9WhqzQNHaryK
eyD7q3KuYg0vJmR7Bgd/
a+JoI6wcVwThQdC1HkEt
HV9xpAxIVct3jMtU3JBP56a1
Ux2dAmM01F5eewAA
mqLYGwb+neqYlbYsfu5u/I1hN4wA
XvS2A3fQYaMz
dD9enyFKtEUc1OMA
jBNu3wCh2NdDxbwA
laYfDumfEsqWe2ZSdZ7N04BU2roA
TaDErdVZQgAA
5efnZ0whCQAA
Y02EwWaOQCw4enES2wEA
8G4QGQxgpxlISzIA
Q/GRSseejTs1dAAA
c7UOXXjQQVOLItSvb3FN
BLLhCKgDQjJQpUL8nfEj
62z4WKDwn8YA
wATKkDxUKYmrTwI/tq3+5hefkg0A
Jyqrk8igOQAA
sBgzu8G/GfZGcUjPbHvwcXmfQLkA
NrdzjFSchaKm
Xo0YGcPHnhcJJS2xS9Ro8pwA
2yR8ynjRD/v/J5Dz5w3I68sA
NQdVldnK+eQA
Y+UhB1FBIFDYuvsuA6UA
eQrahBgCPwAA
QFYyjwwA
32wb9Dpf6lcemPd5SlHKY/+3
wrshDuovV0kA
9Ahh0qsskA3+
GuJ6FUS2L1Wior0BTkIZfgAA
00yfahZRbsrnJoTttDaNESHTPQAA
rvHHH/S91uBN4DrTv1vGsCufMAAA
HKHCEOB3Z1B0bvzHKgAA
cdiAkKnxLsEA
8Kj9WL3f4KdaUUfdPLSUFi2iXgAA
WR/VJHGRvI2BL8V9ZGQKdF68
hEpleXa0QgYJtRupqmcA
yLOj7lcuulYV
j1EA3Uua2zANPkiNC49niEkA
C8OBE70UPkAcz9Ob25Q5RuYA
P9i30/6XTwhBDCAA
CaBB/FORN7Yo/wAA
8mhcZRGoxwAA
rEGTbpVz6HWclipsW1EKGgAA
wHOK9xS2PCkc92rNMqfN+XDs3kgA
dLL9ETfogwDFnV8kX/ly4yCJ
rK/xStWGTRy5Y0voRqmXNOihmAAA
eb3IQfwepB42hJGeyXRHczJ3AJwA
DX5wfg1niTITfxXTWHhWuODqou4A
9Y52ri1vGb9VAljYx+BwqqKjXAAA
aGUohWRZTqAA
T6/aQ48ay26Yvyy33tszZwAA
sKdGWdlApZt8kOusx66L
vyMR3XvF+la0FdwA
ef+YJt8f2He9
be3e0qyBOHnoQCrt2lp4tnQA
gcwyR1KhSPTTZjwA
U3ih1yhTFgAA
ntLi+UsA
YfiQshsmKNyBcl/BMvJn
Gwb5pR7paM0L5/DElvKOX8IC
O78ymUh3yW5G2IhcXiNpw8p4qQAA
hCXyVIiXmVAcTiFT1psA
h5i4KL07MOztlAAA
L9Hz100J
YP0qImog/FDbB5oL
e5QDYkU96gAA
6tBUyVSU4F8/VZFLKAO2kgAA
/VRtvOAJX7ZUGFLwGqKo5gAA
nhSouG6vJg4AfRYJy+p/9WfZKasA
Uvz/oHGL9A1/yZ1A
+eysWk0J
RlUG6lSoWypJ
09aEMSXW7bme+1CXqzoA
bs59wSBXsOFTbbmGQN9byYYS
FWRg55z2lRvP
bxIsf5WRfVYDG9wA
HK45iKVmu/ekS59nW32LtQAA
X+JsAr1cf1sA
kd+QzvPLWNL/WAAA
9ij7DooAqVzT6FpBTogA
o2RNftJrwbY6vAUA
SH1GUJTp
MBbMgctbwm95
2qI9hDnT9o21MD56Yw7KKiIA
8EyDFtpUFm5G6QAA
ndnXPwkA
QNlo8U/K9wAA
2QI7a+090dIQTz2g
IjWgDPoA
Bmt4B6OSnve8ivUCxcVdWS6I
LCVu+o79U1p/
nMZKNME2NOurklT9ZdZqvyYyQAAA
cy6lDrsJN+7IUB4A
ZOAkL6iGuxnk1RQyNIl4
/fSRR34A
zp5l/IO3ypIZZB2yYu58iPvN
ch7yCoINUP2S8lefW5YtulUA
nGLdp5MxmJBFttg1cekFXAAA
ukn3bjq7kBVxap685gAA
q/TTn+raJ1RW5aGqdUzL4QAA
Sn1BplgDCgAA
8MWE27WpbruAOuwfoj8A
2QU8q+QA
oMD9iBeFgAMVtEr0Ur998QAA
8YRiG2yS+DpvDXIA
4gmeGjsh66Eo
4IbVqqgkgwAA
JnGcW9GA7QAA
pH8XJ82S0LDqu1Fd
20jXaPYOWF/NSN80
xqGukGdnNwaD0W/y6hsWyQAA
hu6CBl6a7YlvLmfQSZi/Hmqe
XmmRVw/HN5Dk6cLMsAAA
CSH2oFknPh2fO7cIsVSnBBvyGtkA
20Tc52ozcnBeFOpvuOoA
CFS5Zzzm/OUDGh2pdHx5WXzbWwAA
/szhiPoA
AP0+Z/i5BGMyxx5kJRGcPAAA
crefXsVvIr92bgAA
l85lNFQA
+o1HL4ckBqTAEGx0XwAA
vtIIOh++/ncWJCmykMwf
WjCj9Oib1TfFMn9iNhTlbESc6U0A
Fr6XhL6OLUHkrx/Jx/2+i3iokQAA
mQFDXU/y3Pz/
PLK/tw6o+lg8VHs6OibdCdwjzeIA
a5u02KFNJvE01/VjfsK4sQAA
fFs+bXgA
v5PGOGmKB5FtEf2adMKg
rcebHfZM1R4A
SOyRB6Cj67o+/IqeNMNKiTcA
yD7zYliecoaz10Sr8bnjATQA
npjNvRwYbnzdPx9oahmAJHlh
Hsztx1kMeZldEd8ddrDxEO4A
ipuFlUd+6afqVu3V
ygBcnp6DDXMA
sUVAvLwA
jGbC6G5SBxYbpAxoc60A
6m9Nah5KN6eIXAAA
Fxjj5k2HDPcmwK66
nYDQOaKq
PRXZv0Td
sLJm/QbXRhzq
/FSiTlrrmblNmChMqyUA
g5gWP1wA
+whcJeTFue71xcDLbT/4vaGk
uGLMIrZhawfb78yb
HuvXDKYA
xdWhlu4aESqIAdFwTwAA
C5QOJd969dVAIb6G6Mjq+2Bw
TUmoFttE
mnuCgs6q
6MDVgmpVGG7yOUND
XVXcsdYA
Er+yE5v1T8k5St78yy/Gwk3Kyv8A
5rp9XnDIIHUMjtaZrs7bQgAA
9vHuL6CKHPE46ssztUSRNelL7nsA
BzgpqFGjacnzJITnyw382gAA
Bpir0wxeGxdOkkoR+dopfQAA
lWP23/Rm8p6R9nPnuh0A
lLH/D0BDTlWOBO5meOOBOcD7igAA
9+I8NstC3OMqeVcL
9iWO3paEkuSALwAA
rXy22nJYVILAz2joGLKjSgAA
TxyfRnCf9OIA
2Eah1m1w4s1NENx0eBHMSpkA
O2esKC6tMDoi/7Efkr/3UMk8wucA
lznvk2AGvDEA
fXR2yLSTDuW+A00A
PP9N3202aG7C
VL7/i1JB8yxvX0q0DPKV
PFDfmPzU95Okuvef
/fwsfO+JCV1zBQAA
hfWJ4/6qSEPlJdf49BuoptpwlwAA
ep1Neg4A
ZvCcq1TlSiAr/Y8A
VNSgT9zaJyro7zmiwkQYmwAA
f/B2Nc15O1xMBOaoDgAA
NWPvQAHxvfqlgrwA
HdaJU91uu5lh
mlRtn8ySWTNSzAAA
9VO9I8uI+m6tjasg
B+AettrtZKUb7QAA
B4pjAY9Kw6K5+A805QZvz8QA
O6f4di/OAdo3vaq8
ot/mjH+z4Gpv
SNAAxQyZ+HGQzrSu
AVxazH48rSNIBXUA
0T/bVBvtTwkhszI0XJixDmvgTe0A
SeV0AaDD7QAA
SQ7RCJ2qa5J8tmhTqH+Mj1zL5r0A
KcgmbDAp8W1y31MDqHWj0NTwjQAA
mnS1yDNvijFSb+LkTJoc
aNVIY508kJru
/ik47k8p1vsH44rGvEYA
FLyDz7kBBpkcEfqwjfw787FV
HIrt7uQa
bNPI4sHCJOSQvDGMXAAA
wZ65pf8A
kLg3nzIn7h7/hCJv
LA7i7MXt0WtKMyFsi+hjTunF
7nS+Er6YEgC8YT/duEJ/ogAA
3JcKlsqdoZekgNXvdIESYpAJbAAA
13aOGLaGUQAA
JHhqdc1z7xb78cTSBPVW
deiLEYnjkhO8h5NNJExFJMCqngAA
HS4hFk+Kb0vxZiw7JQAA
OxdBC+BUu0qigAAA
FrN5K6IQ18QImIMA
8K5nmupBb9pWSCwv03GKKPn01tUA
nfKpg+X2+m4+7gyvj1wA
4NcoICGDQGHGJr5ez48pnwAA
/CZMMYmt2qkhWf8A
Zye2buPyluaaMvCU1dlFzuOtjwAA
mXc5+suqr1vHDi5G
u9ixphHuxRjMyfbXJrOyK14yhgAA
Bu7tZtzWby8A
CqeXIg3uWJh/dLAnN7yutsIX9AAA
Jc92j2mgofOc
/Rb4LWyh/AAA
zvzRC7zL
SKQhqT/JcZq/
JQFQ5ocA
qKYrsLwR9daEAOoxYFWRWgAA
CO8V6oU+fCCkz42uKwAA
WAo3r81gmW5zRvG9EOmt
eHtY5mFAhDSFkD3qkAAA
Ntyqa+e0Wgzttudd1c4A
z+c72jCpqQAA
4wuhz+99b3e8m3ekmEoA
gbsgnTgA
ybAOSnaOWNopeNfnvmzyJFNfeB4A
eybne9v7dsUalgAA
PJKea9PlGaWRoEfR+xpXnV6BfQAA
/7wEw4xuBAAA
1ZGxY0926ix26NidLpXmHJxiNSIA
34r5lLkDyC5qUnOJNSTbPUHS
c/QnNUszZs/CxmsJGSBA
a57tD7I+f3Ij
KjHqxmmdTDAA
Gcph8j1MsefCNtb/4AEA
iQ41LdTDStwGR2e/lPyTvBzhSAAA
wModHz7/T8YUarzNt21p+ArE8RQA
Qp8vwxUA
6WXrXrvANSkw+hr95T/sICUA
+s2uBnsE2j+/W4wA
joF7+1VnJfKHdBmjzDkNswpkEgAA
tlMV/bxzWn0w+OjvU0sI1eoYsvcA
M4B9RXa1KETxjAAA
kfQkibLxDwAA
K3ES8aJjtwAA
JpnkaW1nUJ0hB+4A
gPGmnMOJm7bV5ekA
A2E0003CzwAA
fREs15Ve
6oGe2MAv3qSJdjKWTbunozmkVM8A
uvSmJq4voNU4YaxyIyK/gnUA
1X6ocK85197vAsv5n8EA
vL6qjTI+rs2uEpjGfwAA
lJrhLZDEMdzu9Wmd18wS8/FbQc8A
IrCo1CGzapUA
aRolKTyndzHjrkd8XGkA
MiU8kKvvcYASKLUp+/NvipL9+gAA
rat8HxoVschop7NvsAAA
dQPdvGge2XVbOr0u
CMaDriMA
4B2tjNWNnjGo3cgg
Ae3VCitLpuKd
SJ/lWHgPhcTX37UJwywfzQAA
+5Q9XduWrZcGoiSl9wNGGAAA
PfMnj8Shx0A0tBI/hQAA
kZkkAgrOCj4a
O35pe/tyXd0dvy8x9uQA
vdAqO1LgYNV9AMcK
GGj67QaWdUO4
jeJZxq8Bs72r6G4A
nPyaJrFfFIJ1khD+Y4+tY7I9
kza4CO2i0AAA
lbzyAXbC2wkLmgAA
1KxP1sHmQgAA
LQcZe29l1L5EzwAA
YYeWVO7UXS1sIE0e
DAK8F+roF4Se7BTG2wAA
dZE9xBOafoz9p2XYzSEFxgAA
dojoVwioj5nCIUIi9xqE
S5ZxSYfmN4lwGlrLY+sA
iJ5CEV1VGp9YxaDa/k8W
pEyYOXYi0jOZ3zoA
TWMJkoEl+CAA
NvS150Kaap8A
jt+Cx4UnR3eQiAAA
9OZCXx5qFoANqlsA
TmgjMj6PButdjDJ5pB7RfJ4A
jZboQ3ykNX6D
mwhcaoeOPbp4npRRLqZuaiw7OwAA
y+OqEXOWkWoA
VTJgY9GbPNR5
HzAUzJI+vFl9KwAA
ILzlS8BvQKGp80hjzwAA
mVPHY9/qQqHxVFlnLlEixFlQUQsA
OBKOvDwA
ab21rcAA
mOd5rOrbD5i2
XWik1cimc4ZSMBzKJkDE
0dWV3Kd/OgPD0mvM
r+R0NNzwIjSb5W2APAAA
a9YkyCEA
/A7I7adNU3Pr
xJJRytu53QsUzdzTkhpwiQAA
CKVfvh56biW3BgAA
h6mwEBlG+A0H9aTd
w2yhbY4A
3dM9/TmsqGnw7/0inMvb4QH0
9JscSA7UL8HHQ0JGmAk6froNYK4A
HfvfbBtgUQeO/0n5/EKtJAAA
w9bdZjyTyGn0Khds
ZmrDqL2X/5o2DkZRTIYA
cYjyLivFmMOK+MwA
bNrh70jO8ZyLhirO/uA3VAPK
VHu1l95Pw3hdZEeyjL3/0Y8A
Je56X+LW0J38FvDyltYA
AsRciahZLIoA
9bM2EM626QAA
uCc/1WE/R87RjgAA
oCJ04gSbrr7LreBU
ETaAETAA
5jm/BZzsHXz3yHfGLAAA
k0xIYuFw8AYIQOO23k+dDQAA
fa5uLlk7EbX9XwAA
ryMp6iUA
x8/8S2l63p601t1onXQAwwAA
ihQxx3md+vPTOQAA
onA67g4A
/Bx7IJ5hj4GFsmga8qVS5PfKkVEA
smuApOqpdNXNrk0kMshBbdWz75kA
gfJxfakJQVJBo3Gu
cEoc5yxiE1DIk8Kk
N8SkPnZqX/gcax5DDn8fcO6lA8oA
Q7rsmvNsdl8/yaQxTI8hqHIA
2r/H1XxJ5AAA
/DO26e181ytvjQAA
Wa50zlcOpM8A
C6g/66kcZAAA
cyQf1F/CIwAA
y7Bfk4YidAAA
nVb2u2Fp/FE9tonV1CBA17j5pAAA
/66DiWk7YrYpnYWF2fEA
yRW4mu/lIc1KciFZ43PaxgAA
v4Sn0RKjtmIY
bKIpk1To8oTGEVYA
WUIBM5Q99P0iAsBV
Kx7lXYGy10yNwG6yyEm1IE4U
PiNT49mYQBnfn8dh/gsA
a+9E8gzuMt6X0J0NBBwA
TwQHakOAzwAA
oMvK6acA
jhi8jIN+9ym3mVcP6n8A
uoHAodiS/ZhfEm7aPt7e
rsmx1eaRKHAmSXDl204rf3IA
k3kNjkG+dyDJ5D+HgZWiRU/uXQAA
uMoSSg7C/bkbm5FQDIYytwAA
AFj76H/2gT8SVQwD
jGBVcbOWQCzp
jMdm8y48BZmUp3OkL0ns+wAA
rWN42PV07/hluMQA
ZRvYnVirA60A
XwMtuYGtKBUA
g9tmovuTAMrWfYw0V+mULoAa
qJ8bsefirlgA
lWVslhPgqa6dH982yg6xoGudPKsA
3weyvxMA
ptubjrUTWYJ7HIf3AwAA
F6r8Y+7dlwAA
dYbCRBFS/gAA
1d6vYehURX0+q6QI+lqh
LtN8n9oETQeY
JYdGv80A
KAfe0DeeEtUA
uj9tT1EA
aYkamlOM1b25
BOg1XESMxJPmAjIJpQYA
nfSJ67TjVziZofNc
lx/Ua5rM
IX9o2nEn/SkA
I7cMhvDK
tCTtZJzihsEA
xgfQfmo+yoIA
D90ekhTcrYgLUfMNRD3l
icDW0jTcR/4vsAoOlJ0xikA/FgAA
xhqEe/mIwI3grqzWLHH+PGI0tI8A
Apq3zaVrtmz24VY7aF0A
wkRLcWtmWJ6ZLIjuNJUA
kyel/x9uLxKhD0wA
PHwaOX8getNnqL+EUwcw9sS2
h6sx8uog4Iw+
F0/7VU0ABQ0Ct6+X5KAMzE8A
O6OT/kMA
RhJf7L4sJD6DnmSe
QzOeTrwctKb1vXpOi2+O
LPRhDoq/E2oA
IlBtnOBv4ybVxZAA
hsylxma3Z/oC13F3KipC
us7Qz+9enSVXskwLesReQQAA
vDT7ti07k5iIgtzonwAA
7Gn82n4XskvwbrW33WcRosEA
XHvZO+B9mdUFJgAA
U8N3c5ckgCx1fDumYX7CQEdb
vziza70b8Yqh5/tBh7hzxcbP
L7ampD5fpUPXG+lYfgAA
6gyGULq9cO8OQmqQrP1kzOsx
ks/LMvST
vyKc0X0RlwAA
pN31a/6hNL+n
xiv07xgcAC8A
ge/dLD1Zy0r68gAA
rVXUJLMAttt24AAA
IMFuCU2BtmFCwU4A
eANv2fBDcpWQf1E8dAAA
/apDWIIA
JNMKw2NscwYn
gImHfWpccdLlAsaV5AAA
euA/h0a8OI5V37k/F28A
TBNvU9sriy+sQ2s8ijq5UGny
NAorYkto7qG7omzdOHXtc71CTAAA
gzs75OQnKRHRGzAA
aalMPpXE2wAA
wVpqPm+meInyzocgV/lPxAAA
TbhyK1fUyPQonIUA
XlYLYSkzefxC+Q2aLR0A
IN6v1zeXV+7GTAAA
ZLuNuPo1SPHmRObfHs8q
O2CbBKgA
8oBt3BOzDlAp5GJVZXoWs3HMH+UA
YlrZdjRIS4bcXQAA
JV7VDORc6TnzCUf1VQAA
Atzky2uSOUZdzyXr4TX8aQAA
tMHzvFymk6lxK9ZnfA7/pAAA
SSK6/yUg2K9aUAAA
6NGSqkOx17cb/8roAAAA
kJ0QVLRTNA4A
+DRqNfmwOAAA
sX8tipQ4bgXkk7QDyjow
i1C5rxgQ/Zd74AAA
vSJS+iD1A5DZiTEi
PCz4rujIKxr1WvNsWfPfN6k1
cbz4tWbtni1GbvnOSoZQ
zDdBVRxHu140WkWT3NqYuh0A
Iw+dElYASXQA
BpiLt0XsNSUA
fs6zMsG03GMDuZpUU+bdqAsA
29oF9ANn2lquXi+RLwAA
SE4/jVbQ5U8qMHhL4QrOYAAA
VE0vY4vWGNoaEwAA
bDKuYrDf5lJHAAAA
sjVnIv6v067SOaY3xU4A
659Ly6ZujeNP34BpWR12AgAA
vkwXFi+hVImLNw+M
MiwQ1pLMZAiz
SGGX4MdhLgAA
/wJO2gEV
MwZmrNM+evZhtdQXZ68A
RRVa/ZSz+das9k2dQurUlfAA
lpg9kn/d
x9CC5mIwosL8W7MwEgAA
yXrS13Uw
4S6CKM9+avaONm+W00IA
fJ2yemzzlO9r
+GAsSxX71PSDtYw5Ca3LqvAA
+jPV+7077CBiAc19epk3TokjbQoA
f4bZsN5aa5YermprMFRrCtMA
RGVcyEQA
ZqyCAyzP
J3Y5JM14jF0Vt6YA
B66h73bR4ex9fQAA
OjOmXfn+sQ0AgvN61gAA
1REw7TpU2HQA
VvyfiiUA
XhD9aCCS+LXRLQAA
Wl8jak5pIwT2YULk
Y+vubABUNogA
K98nQ7OO
6bBMJ11zgAyiK32v7keH2hFSeVsA
bUGhU5SnUQifhCDgr/s9Jn7N+QAA
Gd5mQFy7pIa/JCaf
zZR+WRrF1XI4
NuD1SeYGGM3mau0k
GX+AyIkJvAAA
nch1gXMvbVXGNZ5E3r90ZI0A
xs7SUir7dxXlsuLBp+tZwh8A
C+zlIQ6Hux+u
Jla1I25ubvjWiX2sWFRh5TSG
H0ba4ek6wTB90gAA
3bJW+NgA
EhPwl5jZxqwJDQuVNBMutf1tKAAA
+zynasClwPYJmBkXnlZnaOyeiQAA
cKiDR/BIYgAA
WwWW7mfQtFA8Y9p/
K19a+HQPwAAA
OJtAaSiWbBCU8FxPsHC4Xo7aBAAA
3zVgF/mS74GP+mIA
d/pljDXTIH2Yg447PQrIamk9jgAA
FKRKx78OMQQx2aiiN2nHR2PfjgAA
yO+ySQHaL3ivzke1wgAA
jBFFDseR72cqqgAA
G8keZiG9YJV4
wO1Nv88A
NUj73vDV39cH5PqYzgAA
jL+I6LRvpx4s
VAkom1cdNOIhUgAA
UcuLzghgG+b2ZudSZOZt3VCGIsAA
xpQaaiV1PYw+H00m
QGJuC9GtWYqCDeUt
fICI+a/RpWURPl7ncWARUm+3kQAA
Z0Mx11d+kdJPuwAA
y7LhzDu603xDF00fSR/chG4/5AAA
PKmoGADZZ2QA
4u6rCgBgEpmuqBLq4zMQNmoA
syB8INwA
92jwBfoEjnLrsYs03EznyYvmTNkA
yI2jjQgR9aHK4/XxqgAA
VJK+Q8k65VG11wAA
iFzX2OsbWe95NoqoW5sZ29EA
/9a8QT0uKjKqh8WQADjxVhhZ/gAA
rIgb2/D639KNRgAA
oMyYhvdgimF/EU+a4pNp
+DCxbKER1Xwy5cRDOeheNqYA
1dWC2I0ACNKzKwky
AHkfP1ez
Nzud5h8bSKxk1yz9eVkyuU1zNAAA
5vebYOPJd4F8lakA
pOIT2Wjf6Od0pL8f/QAA
TkS2RyZeB9T9M3IRi1bPamkA
3hFvLDonIefR
ULpbj7QA
RsdiJExg
ABLmqXGLc7AboVN8hwAA
JS1G4pgA
ZQBPx3l6xNfH3Oq2KdV8
A/UOx5d4qKBaSafFN+aIXrEA
A0TJZVGuc1+uu6QA
C04sPoGXVoMVmkWjJQcA
TX995xWygbkA
3BDVZmnnBB9Xrg8+skg1g8bH
Y57onxJ4/IzqPiDgNQAA
00j+hpztKV4boKGjIQAA
/Uo/ynrEZ9owNhLwvE15wwAA
enAai2HxaKgkVPEkLn91MwAA
iYwMe7PbVfdVSgAA
ll3RHsNS3eeVCBoBQbT9GwAA
7OTljY0N7R1Rm8RYzaZl
O2jeXUoDdNZFL00snLI74K95
1Wv0gQUA
jXpShP6aOojNCUUA
a72O7OrXURPPJcaXG3Xp5gAA
Qkf9NXzf/ZSt0dQA
hlbFMtEA
yyNQIQidcf2VU9kP
QyJw/Ehh7CN7hxnImvZfoc3p
Z6pbcx7K
rgRpoZs4ZEHbhAAA
zDcTaQK4EY8A
9kfU1qdBZ2kBU2XydMYA
1twSYJtzKgAA
lkMLwtJuVQNP1B9mgAAA
pbSlFqJm2Rma/BADQRwA
b2oSYOv/ysIA
ngKY7jwA
ceBhUhpXc9c9TiTYUoPm
nRUSQIJfFyPfpXHy5/oiXm45
ehqhTbMkybjAlLtJdEkfUoUq
ExKtIG4A
0qchBMYqyEXTFNZN
Fhe6CFUA
YezDO37N9gZ/oPe89woAa0vq
FPCm+5uU46M5kLubHNszh1SICvMA
NX0BUCibnB5ow2VJ9N4A
MU9U19BHWRTbmXYtawAA
aPEAv7pNK+r7iwgOckUt
JIS1KIMqB1WAqrqwmj+tiXBf8wAA
I/gJQKmuO5MA
Al6TCyDl/BOm
LBIL/m0z0AN+BgcaKt155AAA
/v5SYRowdR64
bpzdisBn1UfO0gfsccUd
F995mRzYSNzjVPZ5
mO+/OwbaoRKF2PVDF1My
KRCupHkth0xueMXRGy0R
/HBPn7MerYZPpdMEiYGo+Y4pZgAA
OInfZPoXzy5jwUbN
ryHRO5uysL2/fmvEhHdIbwAA
lL0GN81uAhG3
g2c++89AZqLrFKQ4lkW6SAAA
cK5GDsiAU1EDXgAA
D0BIJLuwKoIaiiQA
VQSJy9n4r7wA
FwJbJWK0L/98bCHxWmPyvBY3lgAA
/L1xT138H9jlwQ0qGPIA
H/fOhy9mm5oA
PBtfYu7bpjrL8XUz9gAA
rtdhFiOLGImsZKKu
U8Lq8FUA
Myztop+8rS8N2mG2KgAA
1zwgQy1NY5ak+VqarGv1v3NyNAAA
TEWUvmCj
0H04rDt5/MeCpgAA
/vQwiMR6Rbm0JOQEVr4aSpsu
T+AtJNKkoJrgmixbzn99
FYwLrhl7QxA+z4sUMXjr7J+0
lwamVNjpk6v3wOwS
jIe1rEa5kG1l0fERGgAA
Wp6ukBxH
DcRpBoQ09lCrXqePgSdv+AAA
VtuB3mAUaN4A
N8ExNTexOygTCQAA
zb/3y+EbT8LJ5gAA
gINmuOmCREvilURF375L
VuG4wLz0Ba7S4/+4hj4/0Sf/Kc0A
2wrtki+LoZ9/wXEqq8yz4TF6Np0A
HrKCtqI15VGYeIKe+ngA
SomsWfW7GrEuPsAA
/Trptp++2i+rw3XAnEfC
qtduqMGudNnobc6B+ZowkDH+
0+MqWE5s
cNpFcwjlFD/QlrEf/8ww8zPPNOEA
tqMlWhDWj4EA
Ia1qpsczkyQd
ZOyrp3A0dyDH1HCbvkETwJ53NgAA
sX45ph7yTo3I4aDjNKoKAeAA
bkMfAfLbFlx4KiWSnAAA
V25vtMqFW7qV7R8A
xlecS8gw4/gA
M6/Pzx8czxgPRL7zswAA
IyoIl16gmezQnZQzinZGRCxIvXIA
4D0CAZjh
Rxp4O27uMB2o+qEgJZoA
NIjJyhaXFyZ2
zaT5n4Tlb1Qk0+Tk976C8JBDrQAA
hwBVHcFxA+QA
qTEhtm6PDwAA
8nmPZA7vhhZppgAA
4bIjGw617TYQjsJ6Rh/hIAAA
dvIs0Ayij6IA
tqToYLsA
056oaMXpC+Sgmc1mZ93RzwSCJbUA
H9eYRVj0EGPK/FOhhwAA
k0q3ttmejWCtdwAA
Tbxl23HgGelMK6wn78wA
pfV3yH2loqHCVOvD
MVyDQ7U2Gnne
9esCWZx97wAA
5jm0aim98lIfG4BXfLgiax5a
JFPaBkG0DXIaL9lyJtc8iidgnQAA
6czl/J8DXDNj80Xw97P0pmkAX/8A
qLHTcOb/SohMhtSoWbjClDB8wsQA
zmCy/eRrhyU/7IT6KRrlJCiPiQAA
MuxbTYIx7QAA
ZRRztv9WDYkA
YdMEITyjZu9ojSMZgOC4yH0A
pubkfaBSRuq8wJ/csstRoVEVQwEA
DvnvQwT7NY2mxvLdDvwICgAA
MAr7Avc2+5EA
tmTAHnfbgwAA
X8uHz9t6VYmt
5qi2OWG6dgAA
/k41fih4u77n
id0SpEj9cO70yh8TiriHheb+
3VEmEKcX4HuCs0YA
nONCndi4KwAA
qa1ek5Yi
JjWPOoBdiLhKC7v4FgAA
ZGXhDDu7X9YVW2utOgAA
u5Xa6kngaXgZ0BP8hHPhHKgA
1OzXd1cUswmQ4Eiu6nLSHgAA
Nl9E7nvRE6k4Bq7qwQAA
gn9SBTZWeaQLQx6MY4JuzAAA
5P/gr1TRYfEA
WNGemtxjLGwjbQHZwfzvL5QA0wAA
bFOCYgoxIqQvLAAA
kcku6gAso/+GnyJ5Dj9j
kGgxAMnrNwAA
sIkDR43b+kGulZXa
2br69CPxBwYElFzO9AAA
9yE1ZOHb
PpOhZauE7vJOIHKV
09d2bhZKwtDaOWnr
ncGpMyEA
7TiJCAiPIj5GmV5CG2IA
jdaECAC/YhkZriG5DqhZ
rrGLrtq/QQghkl+f9Nha0vQA
4bek13KyTQb30dF3+wAA
0+UjIvGXdPJZ4MsA
nvJ9U2reE6rvKfbNwq1yTRU7Tq8A
BTyLvFzNGEtdAPhnWaouqQAA
fs3Wnqr9lr9veBcCD9gz
swAJZ9fw
RIuAvFViReUis6nEAy+s0NKFSC8A
Mno90y4BpSsE0W2u
OqmKlf4QaLgazxK5XQAA
MINpXdAd
1mo/rKBACzk5EaQWiAAA
vDjtlsoA
8DRn45wJbzX5xxz8/f8A
azPj47KXmZ0C1QAA
DrONhjPE1h9omrw8sxlR2rkA
LPFJBz77oAAA
HnyNX80A
eRdBsfW02PYPnP1OASlbeZMzNf0A
NrmG3GIA
exLSp+UXCfuSewAA
o77J4IR6P1e9ySH5/EfN
R/HLwq1nwAAA
H5SV3jJN0duqwX5m0UMsG/aY
aBGiztqgxgAA
AT4Aa2ehowzU
A6ij7sCpqifW
vfdsyhLtkmtsy6mIYAoA
NlsHhZu1q/RO
F2TKim3eN3Fftv5lrT0vvC6z
OfvY2PikbkIA
pBbdoNsA
bR6KkySKaWZiSkoA
W8b1p/60BqbXh1QQ6U8A
PDJjVdAA
pzWsWiR+
GetTVIwwQ5MA
FTrZg0j2
wJhhrUMA
VHUV07kGZjPImbgVliCITAAA
q/FC6tsqhWrCYNZl1hQA
RogW3xwa
bsv+iAdMLBkA
KvLxGektQrRlcKy+7B1m
mviezZ+SwdxYbtF1C3IIOQAA
ke6uwOA/qc0Q0q2jzQAA
w54WEEpXBlPUQ7UA
P2fa+3EEoSTTljtSiNbwBsYj
rFDtEla3F7dHpYYM30cA
mWmrzxxZYI1erQAA
qM/0/igk7e/9Qr/x0jZEvgkn
HGum5V1DUIOspvgUnl3i0BA2mwAA
tsKYJQpJtMa3FdPjGL23/4WqVJAA
YiqRCSuWt7jL85HVZ66BZM+fz40A
Ykgjxm3J+geBByypB8n+KgAA
8TBBZOUN
hLilHzJy0yoA
NUs2YdoGqb8zvZ5OpewDZ6yDjT0A
EWCmlTikLnDAAWAKSThQ
tyaN1Dh0D73ZkNVu
9bHSxgmuOt0+391bhYUttRbF
FNV9njThB9V+dsXwXCh8FOIacwAA
7MvSnggMTqVhogQCTgAA
f+jK8hRRgEoA
wP07AMns8qkjPsnN
NnMKnt0J7lqHcaGc0AAA
sp8ltl/omwDy
5Bcue6Em4qWf6LyRWR6rnAAA
7K8AzgHx1EEyD6wRp9cA
ZSezrOBQHjQc
1oPK5eiSJxgWO/YA
+QwulER0fjkA
CtaVk3JVhIUYvwAA
n+A3+0unc0bnK6kDP9QA
WR/HP0JuTGjL7XwyQ8NT93OL
y8jZLXkA
1ZW7pfvp9gAA
F0fr3/FglhoA
IawIg0SJkyMeO22BuAHWPHd9
Ep3MdkZhFpmj/i6fu3j+MQAA
gYrmnTITdySuVWYP7gAA
DeHxG8Zb69jChE81TnOZ
2iFfuBDFXjDPAXDiWGgA
8KaNs+09JjIkIGhkOwAA
qULLGpR0CUWnXnNncpMZ
tBH0/+qh7cTljQAA
/f35PchbilmZ1qACk7cA
jFa6AlIePt3EGWBsrgIXhjXW
IrkgrzNNFJkZ
4n8yubDvUu9d
T6tWmEPbaj687gAA
GTDFaTXg
2jT72MY/8gAA
rNe5KF2JdNEUP31Hf6bCy03s
z7pV8AMNJrWg
M9EauktBFMRGXXUtPQ4A
CsXDJEc9TgrgiwAA
95iH3bQc9IU/nhkxqAAA
rnBNojTMhNrt
zYkaUbPfE1S/Lk2WtPKzBZ1wBwAA
OZNCC7aa+zVuDRfPk5UxLcQA
N9Yw8znFNDv60T3KYOHr
jbht2S/M
CxlE3JEsZAAA
5c0qycuXxNkS
q4mtudMSPLPW/0G0tF0BxsMFggAA
uKBSWt4GMwAA
KLfB5YED4iJwEq8A
x5MVQph1
d6OvD/MA
DEetqi3h
q+SxvCylH5fZPz9kngcY
knY8tLzPONIxfJQJWcPc
cdJaeDBRaFm2/i3H4UmO
n3mywUQ8xgAA
RSpNdrWnRaSC
iXf17ErxBHEk7utbmnDEVBkLK6YA
B29FTHuTf5WiFisooiIzwwAA
m066aZgJZAAA
6X4L4mNeAVm6
WCq3K/BTrp8ric4BU8Kh7Voxyd0A
2m3jAdE60aq67oiw
L1NHBRsicOTpXgAA
OjvoPAbJ
+RNjWUe4hYWt
IO1t7bmW0eSuypwbfISQ
LAoK1nHUa8DU7upMmxI+pAAA
qTwq9mKay6Sf9A3SshAA
wS2+34743wAA
Ve+fH8FkvDGijR98N/M+Dzla3BEA
0bLbWB2Qs3Qn1ADK
lmdJrrxTl71cfOpxaYNirney+SgA
tAX9eoHavzFW6V7XQQfQ
Wu5++QK3eBQQXoZzHwsA
/7335z0q
WKlIAgq3HF5TDjaJvYzpa32G4gAA
DoCwZeeGtznTgp1f
ixFew34rjDkA
sP8KUZB50vtI
8OaDI1d8au7CJCbhNHEA
t4SvPoU9TbEA
QzZQWiF8R/i1VAAA
BmG+BaxpJNwA
ALjcU+Ox/SFfo6VZNu/VoBoNoQAA
aBimXhUaI4tsH3G99fD3SqOb/uoA
qRF/xV3Y4Fqa7wAA
dXS83RprQgAA
WigXyTrDMSFz6I58kxVdaCjekJ4A
jLyOnocA
0JemvhKPq0Bo
/gVwAZfqSWUA
V66R2xMA
D8MK2jHEsX166JMAQjPmIgAA
ObbC/cHkLNA+0MdSWwAA
LncS8dDp
OQBpZV/vz9ndV8WWiIZl3izrFvwA
4W6K6W2MmwAA
iz6VC3Ue4OqWKXcY3++NahIA
m6HIWjoSuejA9tcabQAA
nafCa+b+zix/yQAA
g8J+i12UifkJjeLS4HMJGhEA
Hj3sbsEA
AzLnUkGZWa8Y
UoHzEh82aVE/L2gA
z1cDm0z7Q3asiTVLPrAA
obYJcE5dKRBLkgAA
gDYFWjtS8AMG
jPnt5rEA
VtAy7gBlydPtGxUmzgAA
DPQulHa2ilOuSAQU9AAA
X/laN2wEp6SgmIK4TH4A
o6zDMtEIJRtNzqdnZT2JUNoA
vngpQ3mGmWEXHEecGLGkrdPu
8Ew9nqGtWzk/X8ySam0ctLUA
PNsD4hCgWbjeCZ9So+MB
UKpjlP3hh51Mku1fBfXlVTYA
DCi1oKxj
BB5coE7une4C7VkL09Jd2gYA
6WRd7P7YUPbY7PzwLk8zOQAA
PIY0lQ5ohQAA
LyV6G64E
P6/4pyQeJA1DCBHnycKtRRZTNAAA
NKsXPNyrKgAA
ehDz2Pn2AfxcwRGdxhsEFnwA
GH+SL1Va8BN9eOad
c80/Rwjqy6IA
5aBL2gbMCMaDklufcMiXY+YA
2HQO+HQ3c9mek+40yEoA
hFTcfXAA
pu7fGu7TCo5C
36uvoqNQ2vrWHI2TuZzTS9lBnwAA
lAWeIDC1Yn6SCCL+sIOsmv8A
l7B9Ic21mVvx
dHGg5GOe/gAA
BShhs5TudwAA
Tdtz6cRtPEQircLtAbhQ69WK
ECXqRmPX9e859N5B
FVpUKcge/Bk5at4A
KnMnUig8w9vVDNqZGMDs7C9gGQAA
zEIbOEoA
HLwsdESphlXCyMVjC+pxu4zGlgAA
3iFvjFvChG6LzSkM
0sUMsTKXg6EoMEDJclkRWa0A
68sbtIYyLpR3edwNBiVn0QAA
ejAo1NDgIWgL
f0eytJPL5gRPpk0A
39Zhs1AEd+jr38ha
qmVIq0ncTfIYVAAA
D1NKOEOzowAA
01CwXmvuBEgA
EFFfP6oWuvJa6KtZ
tybuXlIc2kAA
uv2e/AaJ
fzCzgqfjFyq+2EPUnOcA
uW2kBpQA
mTBxTlr+T995B+J0BwAA
WcCElTPEHTirClpSjgUh3QMa
FE0Wx+1yHauNa6W7X/F5QisA
LaAu9klojgAA
U8WrjCpXUqz5O0INB7f0ToMd
E5OuciMA
XMrdA+sA
wNGRc6VT1FEtOxpaA0AA
oXjFJOO2KV0u3wAA
48pA5uq0JgUA
ZhwVLOHserS6cnQNu0h9igAA
SPANeJ6BywAA
xT6Fy109AtESh8uN/wN/
PGl7A28b
CAUfDNgA
2pzQuu2qL8klopmrQhzi
Xtl0/uSvEXYtcaM4BwLrVY1+5A8A
jArxSYZKpMHRLw7SlQAA
OQ9lbnjJgXuZDMcA
PKgGnyJcl//OrivZi4yt
rG0cAfrpK5ghwpcagEEHrTkA
A/B8m1Xo7g/OayuYhVRcwGQA
vJvV87T0
WBeuVjAu
h1ZY30aEKz8gS3TCi271QbqxWYUA
PZsNK3ZjO0ri
0nLHP1vZKVLzFk58ovwA
5KZn/cbqaAAA
yoE+sxARREkGnn0A
rllA3Tw6SgAA
62PgWIc25QAA
kW/IB9koHZ+GBwXTT0AzEmepawAA
e76yA7sxgvxw/ujjIEHPIEokZYUA
saW3s5uti3Qo30FglwB/rfr8QQAA
Doq0sX8A
wX1ogumPPlp66od8XuMMQtUA
QzzwdhgmQwoGMxCl3HICKdF829wA
nI2vF3PW
+WcKJikif2LDEgAA
O4xf7cinRFSQ
oCRteEV75bHN
OMvbIHUA
1mqFssx/dWk7m34A
0EPlWcUrEGZxXAry6WCUd4emHgAA
oItBPrLA
vgBFYnn6YlCQD7zv
Fi4mImTin4gTe525CpUA
R0z9+8YA
ZR4/Xw7PRF6x+ChojeCBlYGB9GwA
eYrYYZzdZYeUlG+alBdT44bTNqwA
9qKDhqUIOjcWB+K+oOfu
U4zN4Kr9+BaLnLCcbBG6mwAA
f7zPaMTMKK5J/oP8Xr+2Y/gA
dx0nYKQlb49DfgS6I23p4w8A
1u1sytSclcBSd11Qqs0MDeQA
7NVEXyOW3Iv4Af6YO//T/wAA
VviI45MA
+CZk9eZB6x2TegAA
+AD+b70pkJog4H/da+gVZkqy
etdyaR/h2H3xWokA
rEuRWxX3Ig/Ajdaz5wAA
WNNydPAA
gCz29SJ5Ma3ByQAA
yNFCiZwLLUdWzwzn
GP0IOZp72i1kAns9GbGyEgwXYwAA
30McBEu8e7O6ggAA
Dq17ukTkzBGX
k6hyVvIq2gt54zTuf/38P7mv
/GCLu474xA0AO2YA
k6gnPgEyqqeIaq6FRbcA
dCX2fSRk
7fuR8Sev2wnNq+4rMjhu
BIIdY8UnYPpb5BZLu7sK
Aq1Qew54b9Q9LTmjhwAA
YgyGO8sKevCGGTxTtPsA
e6HPPYyxo8ZV9n5AM0ZVjgAA
39hZdg0y6emnd+T9Mrs0u2o0yNEA
d+JybCH8JwAA
G5zWVcsbLqOxg0Nl5JtkAlgA
HhLrBydPSFnX4IOysD2AFDP6PAAA
cwqlaBDv
o718sOn8erLGEQwA
l0u0lXqQmJEPUITThkIA
He584hPiz+NvVVdm5bsK8d8J
TWs2tEwWBAAA
8m9HaW5ZwM1j3AAA
CCw4QJNrccAPJ6CcaQAA
jxcT/5o8+GUA
68dued/doyYkyaUmSySl0gAA
YHIKJmAqSORXvLcA
zKlmBgxXgHctfOaAYGAA
X7ZYv8PxqfkA
d09hv6No3IIpxE8A
/oSKU3AUWH7GFqrIOQHSAaBPnwAA
/pa32OXxHrdjafg6jHFE
PHM7XwX+K/gV
/1yaJYElwoxA
a7/w63NRnSgojsZ+qT1mCDRnTQAA
Jfj9Fi5eVwAA
oRe2gidQAMKm1UNIvvfx
xLvJGFnCz+EC+GUTcwAA
wfphqijiKfMA
Yk69O2mY5R2IYQAA
7SZRfPus9QAA
6Uaz9Uo90mMMRaDG7oWeHwAA
UUhHk16BHNpZWVjtS6+H07q8/QAA
CwYphHhni1qy2EsyP23jcoy9
FsvfRRomkxkMnj93F73i
YF8MncYA
AwpdtEvJ4MpkNOpddxwA
4xguohqKtdPkXCJkyQAA
fPfDeBX0
0IQW77oA
kq0tse3r
cbXmfQR0CRK2uf6qpKHO8i4gNzIA
N3P/b8JaTgAA
5YalkCt0tKMCrS2D
piIP60J0ySXtbYrY
g9I4hfLvG31F/wAA
WUIYPYKQHAAA
mFc9dqrq0gVND4mOHIH6djOv
jS8KrVg7qLI4SUWiaZUo/dAnAMIA
9UmD1suCqXxjAwAA
qtkswh4VKxQA
PkVkSVI6Ectvxe+TRTE52Ej1
xj3mh1Z3LDtVx9bThvDvz+pPxy4A
y+YWmNOzYzhnqCGU0QAA
eKrLLR7n
fWUq4MfYvsibv9JIIxCflp1XQAAA
ucHvfc+mTlu/LR2OxLPA
jZiGGNeUJr9ev7uVC7tFShMA
6hgQXiDn31/LFo4A
nP2nd2WS6j7jWsbe+Rz8zBoB
yIb3vhEm
kY6AdF2TPz0ge8ZGbwAA
/ISsp6I1GgsKc0rc1XQA
RLrPQM9Kr8Tt3gz8xeQ8RbCvBxQA
2Lvoufhp98CgSQAA
jewapDTHhLQA
hdqaWDBTuS+d0NtbOF7jCi5LZtIA
cZBUKvLPSglhxbB3DQ9KNQM87AYA
ODXIrQIj6SwZRFnrvpQqMR4A
bzDTG2kA
hLdArD3CqO8fIzZPBsWlPhAqGyoA
2RsXsaJILylnlGJeeqlEfXjL
gQKHJtFt3cklAdAbgKR9rV7PtH0A
q5SDdK79
S3NqfwtNVS7l
uf4si8wBhFk+VjqX
sAvGTx8vNdxy4frU
6U8j3cgQ3MYFT08A
qoESZjbfFFAC
A1Z79Xrvdf0xB4EA
aDx/0XMxoaiXmizD5OcRBwAA
I8ggLdc7ZpVh8hZOhwAA
lf1W96gYchgA
goMDfdsZQnyWZ1b3nzb9OQAA
mT2t424A
xP/jBKnfPed13AAA
nnKw/Qob+UWay2aNkNsA
V0FWBqiC3bV4J9Mit5Aj
hb3q0/V5
WPHExnB99S827NUp7JQ++QV6Ov0A
vt9E5+gL0syYF24T
E9k+DoLMvgAA
VNmJjWB7KZN5xIFH
I/dFSagA
IsJ6X6iJ
bnpMBnAAPYUd4UiggCegaD8A
nzSg5aSG4zuN
buGlvNEA
A90xjOVF4c5LTW/YSdoPUgAA
z9WG4gwA
LoTDhzkA
U3T8uLSHkdYtrlrMfibG
sOhL8PAJq1gCzibE/3kwkzRe
6u5dPqIA
tiWQNYPQaDUB1MiMiudYv3gA
b3ZnqubqQwAA
QEHVTMwrmsCptHZJ
2AB9lkcufRQA
kG5fbYLaI88aIFmdIQAA
0i3AbJNlaWt0YshniF0ozgAA
NeQswbStCk0EIKYSaMAA
+huvtu0YiYXf
yyTHTvwmK4QA
uYcSs9QwzW/bEOk9m8ScaSQA
zeJC6Z+yM9RFQEh4gb0t7zM/9VcA
a+Uf3b0sI3IA
nP4YRVZM
wWU+KyGiWToDi4qLUQAA
PMGYQfSb/WI8BdX0aGDtHo7w
c/drwdtdlAAA
h0FS/gXmxWj7yOX2
LdS5htDSmc7QWwAA
s3VWZfaPQ3b0
vrzI6YKjdHjuCkeef6iJxrR9vQAA
5YcXzrnlT3JCsQAA
o00jmRhLP20fiQAA
f4gd8goJ1QBCdhhj5ZbM
jSgkOPlWf2vaN9F21pgA
qLOt13xsmZHJRQAA
vjsJhSYvD3vchL8A
ueOEkVtDpOhS6ELzGisA
zj31hGvZnW2KMXQA
skeW3IoA
yfu94hjAwalm5ZAy
l3Ng/KLnlvIVJY8A
+SJRwlDhDxj15nOAptdrBDQA
riULqhls5bSnMFHvEx8A
tCyG1PdlX/zflWVBF/+38/Ju
03HFqM8z4PJWaiy+ZBTknpA6XicA
XGv0CAHJ
P+8rcbPgs8uoQOK7VQAA
NWB+/jOFxQmXyC/3mAAA
kxKNMcuWsxHByQAA
CPC3ltjoQgcvyUQBnTsclWsA
zRq8kFQCG3fyzgAA
s/34NbRzOYN0
y+c73fn+KiXtpSoBqcJNgGHzDyEA
eh1H3fpUa4S7eagA
9OHb1IbXhMhnWrZfr+3fYREA
X37lHOADTV3+QQf4+ywcm7VA
LtWdRNNlHEp9CJ6JaxYA
9Dw0L7ISYmEA
hIbrOBDdJgAA
X3fFvhzE+CPA24N/Ag2jmeIh
mkUgvgN6
5QKDCio2s/n9qSwP
pKsLaWN/8Y4A
jSn9/tcxm3nOM1MBEVply6QA
w8k6lcH9
DnGwtW+f1vPGjqh5XAAA
JUIbx7VYzgAA
nmWEPV0HDaNLDrxw4r6k
JUZkn8WDvjqyAfT3VgaiU2RfcwAA
vfjqxcG8TAAA
RLiwsXhm
z0KSYrTNmwaD
TLAXW1sRTTtXQ9umgJLc2V7ReZkA
G+cw23CqxqiOioEAvQOs
GaueKx0r
+J7QmuL5CIVKGyfCwelqwnWI2wAA
gxtVfbmY0gmV+KCBAhnDoxIA
1TPd3ycG2ydVTmhW3jMB
VfKeeEUu7K5Jm/jg
B/DLYfIm
ffBYYwB3zjsM2TEA
Z460ZsnsP7IPklZ8IU4Yrb8A
MGElga6E42vvvbYA
zK9LjlDmeyOhkAAA
VFyKCVHkpQAA
HP8V5D59cAAA
OIekizkXtgAA
UtPlp7+PSX+GCfUMLPVLJgAA
cl+60bEkQyHrcOEA
N22OneAboF19
SsjNgCyUL2xYzECVDAUA
mV+9z7FFDtmgR66G
/oGguyojOkZ1vypZ66c2V/UA
V7DrKOT37MmvG9x0As1egf8A
sAohTIUnLoEA
kz2avH5ck7J05oLMS84Qmu2i
kKQZAxGslSiA
TUMzK0HTdsLktgAA
D4DAQbTXNWaScn0X
dahpONcjGqAA
iL87Nov8O4UHStV/AwAA
sxNERTYGJ/inRz7zgxoA
qIq1kvIswI2D/BuE
hW/Yqwue8Aqxpe5e
N0y6wYYXwOUA
ejzdxv7jMhRXii0UVcQA
WxzwCi/GXwlPeQAA
Di5we0Yxgx5QS3pj/8c8+GJIgWMA
5DnIkK4fqKcA
ump7V6mhc3AhpC75dz9gch4A
vtXBmbXX
R/wCOyn333MRELnp1S4A
pEXvvgrARLhFc22NnAAA
sX1+Jz69bhefva8G
sZQMCs/v1U0HnIP6YNklRRVdCwAA
48AXl4gUW77vE3/ZCygUBQAA
P240F5z+jg//xQ3bSnQA
NX0woTGI
K/WtdDGXjIi1DdoA
5TzFQJmOqbc2L79jBvbTqLVttaMA
aNxwHisjbGYGMQAA
nu0pc9J8PgiVkVsJCAPU2VHgUdMA
H7UMGowBjhPw7qUj
g4IxcyO3
kQ2XditgOaKjvr6XqFZeogAA
geYsj0Shk6DlWtN7yhIV
CUmRpHYtYAhQLten9MifahcZoQAA
X1PXxhQA
d+HgFzkA
giKqtaKAhMV9CC0A
VmtIDl+dlIMA
/g41J3y4NAG2ybyYIgAA
0b22D4cMxJdBws+FLXe1X3bbHN0A
AP7IHzsp9AX7ueYRPVMf
yleE2k8zjPOYOdtVAxjw2kFN9HwA
QCxEg5fRlAAA
JrEky3BpPBcA
ZtYEMF3Jag4I
URE4FDk0tAAA
rJYgNN5pTyrM+LEA
jfBQA87T
AJw/1lgd69kA
2LZU7Lug/Lbfqe1i3CRVE5FP0OQA
d7th2jJN3e6G3Ti60UgA
mpV5J57MsgGoR96znWHw
9a3nYhYoCaxAUksfrh/KCeSfKQAA
8xWLgx8g3MQa
3jj+33WdMpAA
hdXs9kG6T3s5SOwqvnt1R3P5ZXkA
OCchfPnRfy6inzmxvuz0UAAA
4jSaecfdSooA
NHVkjG2I3Q8f
2+shImd8ErprCqnGtaSG
GjzWS0RwT8FjOe0Mrp2C
DwurMd6EBZ2Gk1IA
94yWlwR2xn0pobkA
jCpsXxLkbu7y
g8SJZch2HwMR
eyNJMq5YbYxroCUA
GaHVf7TimxRR
gh5p1Nqm2KvmNPNhlxrL
LQJ7RDhk9Wt6Mle9SxIA
uqN5ydj0K2YvDVF3tmMbo7sA
W/mlzCNpiLKxRWu29LwA
4IQCCJGTnkcA
ggBAsF45jPzhfg347uqLywAA
aOQpiSXlt5JjZSKr4pj047wA
qhyfwUw2/ch55bbM
onUCP3kA
5Wursc7rJcY1OiOToIcwqCX1MwAA
iQY7jFFOv1G2V9Gi/WqHltnz
HChaRApm
szLDjXvD
gwXvgo22bWJ+qPMmDfpEqMo9
9FnPQqD05kW8GfaebwPO
ilNizDU/4qDdCwQJolG23AAA
3AJuTPDk8nHtbIB14qrMhQAA
YaKvv393H97FGXTay4VAAOTjtMcA
OHVFJ+PN70X2GVhan9KBVE46KQAA
XI5EVgLqL3yD+LfKI+wT
U0L56NUKtpHH129lRSTh
h+7+9Aqi
gQYhUUhyX+6rYSuRiFAxYqXF6gAA
IoMcP+9l6ae0
v2la/pV/b3uP7+3SrhakvgAA
r/hwloVOqbGV
Osc8Ny+u2AtxZJkFL1uL
tdPh6VAA
i+jo7l3rbB5TmGhmYnMA
MTBMK5AA
zOqR7ATAa8Ma
weuWeawpRUMA
3HzW+BaZp4Om2LvkdTwA
Gqk0cp3T
YKgtlH3QigCz0F6h2UKGUpRh
Kc5hCB3oqFIiWEin4DDQyQc+
OpfR9bPMpdH4bQBiGSgK/QoA
sw4BQ0b4hiez+jiKYhcA
XgA1tMUFvN+v
D417A5oSzoqnAuAnw1PBHZ8A
NF4iOJQodV9PRCJ3
R48AjzXk
D1AHT9XuKGLC9Xpj1xkMM2W/
dPgroeqIDTLm8cT4eAAA
qEMVQz405K1kE1lJojp7X4YD9QAA
bg4SiEbnhzdlkW/acwAA
LgqjyIgwWhIA
z1VPdKVTciJ5myQKNL8A
iJvsqNvcixoR593l
1jjSkFm4
8qkAhvYR2g0A
be6NS5Ch
FtpiFnejABkA
zU+EnowrqQAA
M0mxCimOnVd01wAA
40F6MhEPYFCZwkuQBOVUWIr93wAA
RMoXJfJi/CcFhosA
7KPSTNwA
mtukBxehKwr7quS/EuC3iBI1mQAA
Ae1KJ0OHMXD4G5aRtQZaSRZeDUYA
R2o2RFYA
5aQvZPHs7ksA
lRVgujWp6nUA
e+PoaLFRtciV6nR9c5We
gHWJDU4EAwph
LkwI6ooA
c7ImC/uh4VuZuz49
x6Rt11UA
c8coxwNcMIKFS4vpSg4A
6fIBs+AiKZaDRTgjN8ANuwAA
GDhWYyXeNGRQA/QbcklSTw1I
nV+AbW8A
uldrLSQ6KrilzN1GJzg1amIA
ReAkyahujNS7DIhTe5my
ReNWXKcPDxF3P/o+pQAA
kxUBMnzzwQBE2sMOfWsmQAAA
KNDTZnVSEgAA
WxrxF1Lw8OSRPZo4l51YkAAA
UNGiAfg+vzEX
+kzHzKIivlY5WMKWvJgA
2EqxwSGuXjsZXfOTeoNb8KgA
XjuP5xj23l4ziPcFYwAA
zu08uim2NZkQgswcgghK
cxjuU0urqOthMq3FpEyP9UhiG2wA
FdplyTdb5hgPvTThwSRk
Xbdc42IA
Oo+Zi0xlBs+dYHDJhAfqeTXcywAA
+xgL7zAA
/Lb8h+4A
tzu9zYRz3poVvQKJok0654sA
pa4BQSMA
nNjQ7ekA
Gap8i9fhNLgIR4OIzYLXrlM2tsAA
yBBRIgj8DTQA
urKiYcYJUybrhrQ6V+29
wM/P48nDhh4A
cSEAtpWzOEsA
zfzKtYUE
gGKOPm9DaEhK
AUneidnPc20N4jgnuylBtrIA
a0aLkGc7VDqGSL32CQlCWioA
80GmKlm/
F2bAuw+tR3O3ZukBPD+eSnQA
aucWWdEUyysqGi+WEaMA
IIDcUNA8/wPnfuGUvQ6eEwAA
ISmekDBvPuTY
niIY7oksY3qS
g2jioKWfFPntF7Ph+l0q6yI89gAA
QDhNXcIReDILtBp+M2FRUvSsmy4A
VYB62chehnm46QCxdwAA
A9CrfITpSbL3Xbfd
T2toRRppzBDenJV0Fjj7MgAA
kBEtik4A
lMU8grruswAA
B9J2ZpJ2VokNMyg2ANy4jQAA
co1J3aW05Ha4dDShJmdk
wL29ODwACAAA
D9+TPNMrS+8xR3qU6ZwA
KCk/Z85v4o/rdPToiCi5ogAA
1AbMgLamUQAA
5vnHL5MEiMZdpQAA
4DcDIX2YeBhpumaqV/SXHwAA
bR474ZfaUQAA
5pa/zW9Mhz+cBwAA
JUcpznpMmzmVaZJ5XNDAnJJodQAA
DjMkn2LGjbb5aXeuZMpVaCm+
kbJQDJ7EFyz0zkemMQAA
Y/kMEFSf
jqNUe/2N47k2FWHzc2WsJs63CgAA
vaveryfEQr3kqHP8Utz50aYA
oPyJuQQ7HDO4lwcllmdhXArY
ENxNBwosYmkBJnEAHdoEMgAA
EhjW9IjMtY7V/7E8blhgv3cP
yaf0b2L4qrdK6LaJihMA
B/XuXfSMFGwr
fGxhiO3nKkpkZRI5beIA
cjaXOUOzK/EkCHcR9Zj834YF
MT6m2IRRLrfHQQK3EAAA
26bfRoejUsfZp34z
4vJDXAlwqlOY0kbjSw//pK0A
i5Ryx4AA
W3z3b8HNPTeU0teDN1Z8sMpCNgAA
AAPMIQGHAtKBDEJm
k/abb18O
I6w+4ZgA
ghjrntLpOQAA
g8B4bQ9OA9DedKbnBikONQAA
TxDQzzU1fAAA
e2Z9uIHBno6/C4ylycEjtQAA
P5qxqk0sqStRy0kA
VbGXfp6zpS9A
T1MyMKZm
IsKT7lcK
Eam6aKuME2NksTjH
6/LDjLqrU9ZJh24A
1+q3l+8Ylab+UM5Wh4PUMHSaSacA
5dwCgL5Cr7TP
8o5MeHo/cju03TN/w2YHGKkIqQAA
ntisqJoA
tcntZhUA1AAA
XcvB6HfjBONwm0im1IZKqQAA
5BAyt+qG3pJF7B+gMiUHctCF
R6GPt4QQzlNCUqvSVvljJKlb
HiHl7b8WtThSmv98zgAA
/W+SdEEJgYh8QpAA
2ga/zknO
waLuotw1
cICNuqZuR00A
c/rXwg/d+YfxkmItktYA
qFpTdxiCbB0UIhxgsQAA
AZl8H+Tte+KHHulnPYwH3grVFuMA
K28yGPsV3Da6eev+vLAV
WVHq4tbinF9L9cev
suOlygme+Opgv+N6
mmACBOEQ67tsPXNAEhqaxQAA
MF4aUesN6xCsShyZ
stnlaQPZwkfY/o57tIIA
B+ZxQ5YJtSvJFPAA
yG4lZRdlT81OMzD6tLQN
nLBkzfkK9dZxhAAA
YpmxCz32y5pxGnBWeGHOk6D6
la6WHrCuOkQrSCTW7TDudxDK3AAA
Q7470Nr5piDOfakA
+wym+JcDJZfS1frYCOi6kh2b8QAA
yva4+LVX+471igAA
XfEEK0JmgVvh9kdmLrDYlZwA
iN5oLepVig09KrE1PQzihcKKKwAA
pVS6VUuoRRx0c1KBRQYA
vF7ZqpYm8R/7Jk35V7gM
4baESX+Zbpte/wXYJkQSDThLHwAA
188P5Y9oEa+G1kPdsKpaYrMA
NeFDMlL7m5XQKQAA
ctjUlFmmQN33sT2OADxkj/cA
94cbLzRTiO4QH0thob8A
Q5o1bGlvcfCj8ZGawRkTmYrRZgAA
DJeunsv4lQAA
T57uV0FkEv8wid1TSwoBQgAA
ZPEairxnXBDxUx//+fkFWrFfS3gA
frHVU0b94nQPyyAA
JBstDEAwHHqJ
TbdStqd0p1iWWnA2BAAA
9whbwf6HSUKzEAAA
70uZklYqelZ4ByzH7/xrDuET7wAA
thM3GV8Aw2M2Cp8BeYkLFoGlFIsA
CPSMb+9kl8saIdG4cOOKLowA
anYpJyqA2TM35NvNwGsA
yJ0ebDZQ6ZmYqYIA
2v/cI61BIhODV80A
GcRif18A
NGdfHlsA
UuJ90Pp5CLgtcfZKrdxAggAA
vug2oLNXVi4I65rQ3a9/5lMH
k6RGoat5LlTaDYWxngAKe/knSyEA
qD4J72NW
lAx3DSJZ7sdlp7TupW3V9AAA
4RSt3gvSM/nk
8VaDa0tB8TxbunnteTqa7GDR
Qm1cFP1pl/wIUQX9SOsA
M+Lmed/+rsHxUkMy+siDGDU9AgAA
GHStrMV6MhdAJc3l
YaUb8AHo3cNxayu44gAA
z/tyZxcSyqy7k8X179NB
uHYg0EkONoHom9zW3JckqANg
uw2mkNxP15B9
47N2YcWr17gA
QHmG7DNS6ATK8u6oWVSwkwAA
6BM1BxufTVtI83IA
+uhtwq4q3MWQXpYqunDLg9MqfAAA
gpPx7+XhZjXG+yreqSzu
d06ILGxkR9YbFgK/zDxeztYA
vOqiG9s6TsUA
80zqMKrJvQAA
eYRhuKj27gAA
AtccRvtn
gBzTzgDI
xD5scK+CTKq1ZyqYDWejkFVddQAA
a7k2KEEeYx/29JUtyXJdigAA
1SEK+5lXSvTp+jC34gAA
jkABxqgYhej9
BQTTDeEA9Bu3CZUD3XrRswAA
5MMrWnaMPaZAgKl55wAA
hc2VwiGBIHAsxjqewlIH+d3G6ZcA
2XC4ykoWOTOzPwE1XQAA
vJxyU6QZSQ5uQ/jS
R5951X4A
If8/3/w00LAA
ExDLb023KkXgPw3k8F+bwb4A
+C1WdkKv3npyitqLTlZ0x6ZT
kyS84jbyGops35n+okCDSqYd
6DIKTVn2/62bbwsqAi46
XdroCgBPbZYtcQAA
0NC/Q/D0YVMR6wAA
UrtNNl1ThJV2
GP1+NmioUQAA
h+EwXFNw3ceLHqQjKtkA
SCY7LmCUltIeBqIg
Bckfy2v63B7XZn1cIvNBT70N
DQkLBm1aSswSKCBjDs0SqAyXRmwA
mRAdfnVxBC44x7kA
a/DNn8+rbDnJV697
eELdSNMUNXx2loYhBDBIn/sA
zbYKIuGl51novQNELU0A
ZcD+Q9s9jqc7XZLJcJgK
l2Y+hz3vjHtkeIYmU4wZZy8JTAAA
AwjwQfPQ4qXMZLRWKA+t
23RfT5UzBVvvRhJ8RYdpxQAA
NlMhIfQ/7JVnZ0fhvERRcQoA
c1Xp61THcTNSUAAA
R284rC2inuUA
sVEITKk5
JRDte5wA
i4LzlEnpdyUydCpadmSEoeIA
OMlNi1cA
ffOJTCTRhAipoUiKMQAA
3CNS72D+tGYA
PH0CiLQO
vEeg+IjS/blHv5F9pAMwu9AA
oUYUP1V/d3GWnw0W5PMC+Ns56kwA
HFM9mfEAtLRNvd/mEpNVmZHQdgAA
DYjv2re4ey+ROsVSJuwA
lPP0r8zGofITU6kHtY4A
nrs/pCFq1j0A
p2B6Bn55lw6AHzqfJ8DKCqn23wAA
YKdjqWwxpwW0hFJvR+sra27T
QYmOgA8a78ef7AAA
tihU5aNmVvSamnS2
ZiS297/Fa+nHkQAA
ek4LWEBl4wAA
U3qVu1BRWYhKaOIA
fAxQd8KkLWa+iREzutA72gAA
fsL9inllWgZIxLR6l1TP
/AKCuAR60AAA
3b4CWf/fG/AB
VfuGM6bhxCcY
5WzG6N4A
x3i9/XZccQF1h7tAozSiL3UQPgAA
oETZWkCOJTYWlsGT8jB718H4CDIA
2rIJhZImx5w1uQQ1aYZKqs9c
3kuXFsMFaBvL
f4F7JrwhEVIA
EA2J5uox0/OYJUk1pzbE42IJOgAA
Sdsl8ceoTqOO
MKNOTDlNm99y9dTjbBLxfjMjLygA
drg5w3CzBBoH9Cfi69zFxIBq9QAA
FyDwbtJoPIgmxVF9MTG++s4v
Fbafwn+a/QAA
Zrd66byAFWOaXTFdkzDdRpqhznsA
pqon0BJnCserAbhjo0wA
8M0cSaz2cwAA
k0jcx0GAPodi8r5IJZU5vUaXDAAA
d1yLlVg1jQAA
DUXRLl4o7//EKThXweId4wAA
2FFg7J5K
Lx2e0SsA
Uoa12A6eraO74Wg0pOUA
nONxmbzuJTg7k2O8
NeHvLiDdAZFsGf1s
05eQja6njSeZdZYmMaWgAEdhUQAA
sI3y9fLY5Hi81xwdn70A
Du31P5r30ok4kWoizEOeUl17
rSZMc3V2tYI+EJSBbZcA
Ujc0E7xN8FcA
S8ms4j0A
HMajhQLw6JjtmF0qLu8ptVyp
m1BtcFWbuxoFfy7v
0gmO3EwA
vc8fYMkJFKORyC4YaWGSSgAA
AiMKw9hqViexRqhF
12SXrNhX68DJ9DUGqS8Wz2EJ
dQKbRCqTeBcdy8dc6Bf8izlthCEA
ZSq8GW/mirp5miRivbul
LC+LgZGCXVgJOPunMboc/wAA
9C6qYWEaiodm
f0KjoocB1O1qyrgYRe8A
GUGFjarbMAzXNQYBUJAg
SZajjRG2
erjmKeQI4EH27m1JxfEU8QAA
wH6uQRocippfaBuIbQAA
PDFiJpN4jNRj7p814mVN
0fZHiPeDkrg7OM4mr7PHn3Tx
xyYmhuZn7M3q242k
IHYNUG180hZehpxAoYgQn6wA
eMsKK7Re8o0gePDwnWcA
eYMt8J269a6JtclJc2gA
CWGHW9Im8jAWNKULzWrDExMA
BGilWR6q8gAA
zb3UIuYA
3bdt+dXVcHcA
G72c3/MA
H7y9zOPCFKGwfvh/zvIA
r9gXYqYA
aAPiTSqQVa0qMaRpKG8A
twWcDPyeU9F+9DisjMhBXujL
kjQ9g2MA
Fcjm51iTZeZxoCMA
43sxrM3w6Kja
+QqO9gGC
EoHDvctP
u6AnlveDT7D9dpEByoZJugAA
RoXIO4LhKPgR5kbXVPtXbMUwtgAA
RhICa+qk
IxKx5FNn8449FwAA
xJ+jcgjYBX+VjWHdgN3Q
+m9QRxA2cLZJrAAA
M8Vrq5xctmmP5gST+0v8uQq8CwAA
X2e1q1bTisf8
0OQHqGufjDN3zvMA
PrhJkE0JfN3CGdku83O4
Hmr0bA7gbujBMnNqvkbkdBAD
U83N+TIA
pyqv9BAqTtBJNVAE
ti514dA/KXt18AAA
jNoneXUa1JOz0ZdZwJ0l5tkA
5uGXze4A
uyo5WXW0OcbwnLDvV6DAv0Xt9gAA
91BIivvNsYlFLyn4cwAA
VG14VnxoIQAA
65gqZ9aay4jMXX4pEL/V8OurnAAA
xmoGhbUbTUFd1Keg6Kp6uQAA
Yh+aoTajxAAA
iy0GoX7Y14ulywKS
+WZTiHdgXsWZQ9N6slT55gAA
BzCRVb8jJfjR542ualXnsgAA
prrsjAnwUq1P
AcgnJK3tojtBcVMJqAALUIYA
mxBIfps0
GgKOZXgnFhl6NDVimO8A
N5GM9Mbg/uqYcchFVke42wVL
kZyJ+Jk7m18A
M6j7nIzhYbnM
ZY+jWeDxdgKGqXQksNrVMQAA
0SGLxB02IJpr
b8dMS3lnaBikIp4GOf1s
1hThzzYLDheTQgAA
Axtd97vaLyQS9EbgVEQA
bXuLmcOWgmQ3DDh7TgAA
UtuDNXmx24ZnP7yXWnQA
Y5fO/zjgJ7MR85vdzk+aVaBPpiEA